2023-08-29 13:20:32,504 - linkedin functions - INFO - Loading config file
2023-08-29 13:20:32,504 - config_parser - INFO - reading json
2023-08-29 13:20:32,505 - config_parser - INFO - json read successfully
2023-08-29 13:20:32,505 - linkedin functions - INFO - Config file loaded successfully
2023-08-29 13:20:32,505 - linkedin spam bot - INFO - Loading config file
2023-08-29 13:20:32,505 - config_parser - INFO - reading json
2023-08-29 13:20:32,505 - config_parser - INFO - json read successfully
2023-08-29 13:20:32,505 - linkedin spam bot - INFO - Config file loaded successfully
2023-08-29 13:20:32,505 - __main__ - INFO - ---START---
2023-08-29 13:20:32,505 - __main__ - INFO - START loading config file
2023-08-29 13:20:32,506 - config_parser - INFO - reading json
2023-08-29 13:20:32,510 - config_parser - INFO - json read successfully
2023-08-29 13:20:32,510 - __main__ - INFO - END loading config file
2023-08-29 13:20:32,510 - __main__ - INFO - Create account manager
2023-08-29 13:20:35,699 - __main__ - INFO - START bot.run()
2023-08-29 13:20:35,699 - linkedin spam bot - INFO - START linkedin bot
2023-08-29 13:20:35,699 - linkedin functions - INFO - START linkedin login
2023-08-29 13:20:41,905 - linkedin functions - INFO - finding username
2023-08-29 13:20:42,313 - linkedin functions - INFO - finding password
2023-08-29 13:20:42,441 - linkedin functions - INFO - credentials successfully filled
2023-08-29 13:20:42,643 - linkedin functions - INFO - signing in
2023-08-29 13:20:54,043 - linkedin functions - ERROR - Message: 
Stacktrace:
	GetHandleVerifier [0x003037C3+48947]
	(No symbol) [0x00298551]
	(No symbol) [0x0019C92D]
	(No symbol) [0x001C9E38]
	(No symbol) [0x001C9EFB]
	(No symbol) [0x001F8EF2]
	(No symbol) [0x001E50D4]
	(No symbol) [0x001F75DA]
	(No symbol) [0x001E4E86]
	(No symbol) [0x001C16C7]
	(No symbol) [0x001C284D]
	GetHandleVerifier [0x0054FDF9+2458985]
	GetHandleVerifier [0x0059744F+2751423]
	GetHandleVerifier [0x00591361+2726609]
	GetHandleVerifier [0x00380680+560624]
	(No symbol) [0x002A238C]
	(No symbol) [0x0029E268]
	(No symbol) [0x0029E392]
	(No symbol) [0x002910B7]
	BaseThreadInitThunk [0x776B00C9+25]
	RtlGetAppContainerNamedObjectPath [0x77B77B1E+286]
	RtlGetAppContainerNamedObjectPath [0x77B77AEE+238]
	(No symbol) [0x00000000]

2023-08-29 13:20:54,043 - linkedin functions - INFO - FAILED logging
2023-08-29 13:20:54,043 - linkedin functions - INFO - START search
2023-08-29 13:20:59,399 - linkedin functions - ERROR - Message: 
Stacktrace:
	GetHandleVerifier [0x003037C3+48947]
	(No symbol) [0x00298551]
	(No symbol) [0x0019C92D]
	(No symbol) [0x001C9E38]
	(No symbol) [0x001C9EFB]
	(No symbol) [0x001F8EF2]
	(No symbol) [0x001E50D4]
	(No symbol) [0x001F75DA]
	(No symbol) [0x001E4E86]
	(No symbol) [0x001C16C7]
	(No symbol) [0x001C284D]
	GetHandleVerifier [0x0054FDF9+2458985]
	GetHandleVerifier [0x0059744F+2751423]
	GetHandleVerifier [0x00591361+2726609]
	GetHandleVerifier [0x00380680+560624]
	(No symbol) [0x002A238C]
	(No symbol) [0x0029E268]
	(No symbol) [0x0029E392]
	(No symbol) [0x002910B7]
	BaseThreadInitThunk [0x776B00C9+25]
	RtlGetAppContainerNamedObjectPath [0x77B77B1E+286]
	RtlGetAppContainerNamedObjectPath [0x77B77AEE+238]
	(No symbol) [0x00000000]

2023-08-29 13:20:59,399 - linkedin spam bot - ERROR - Error durring searching Message: 
Stacktrace:
	GetHandleVerifier [0x003037C3+48947]
	(No symbol) [0x00298551]
	(No symbol) [0x0019C92D]
	(No symbol) [0x001C9E38]
	(No symbol) [0x001C9EFB]
	(No symbol) [0x001F8EF2]
	(No symbol) [0x001E50D4]
	(No symbol) [0x001F75DA]
	(No symbol) [0x001E4E86]
	(No symbol) [0x001C16C7]
	(No symbol) [0x001C284D]
	GetHandleVerifier [0x0054FDF9+2458985]
	GetHandleVerifier [0x0059744F+2751423]
	GetHandleVerifier [0x00591361+2726609]
	GetHandleVerifier [0x00380680+560624]
	(No symbol) [0x002A238C]
	(No symbol) [0x0029E268]
	(No symbol) [0x0029E392]
	(No symbol) [0x002910B7]
	BaseThreadInitThunk [0x776B00C9+25]
	RtlGetAppContainerNamedObjectPath [0x77B77B1E+286]
	RtlGetAppContainerNamedObjectPath [0x77B77AEE+238]
	(No symbol) [0x00000000]

2023-08-29 13:20:59,399 - __main__ - ERROR - Linkedin spam bot failed: Error durring searching Message: 
Stacktrace:
	GetHandleVerifier [0x003037C3+48947]
	(No symbol) [0x00298551]
	(No symbol) [0x0019C92D]
	(No symbol) [0x001C9E38]
	(No symbol) [0x001C9EFB]
	(No symbol) [0x001F8EF2]
	(No symbol) [0x001E50D4]
	(No symbol) [0x001F75DA]
	(No symbol) [0x001E4E86]
	(No symbol) [0x001C16C7]
	(No symbol) [0x001C284D]
	GetHandleVerifier [0x0054FDF9+2458985]
	GetHandleVerifier [0x0059744F+2751423]
	GetHandleVerifier [0x00591361+2726609]
	GetHandleVerifier [0x00380680+560624]
	(No symbol) [0x002A238C]
	(No symbol) [0x0029E268]
	(No symbol) [0x0029E392]
	(No symbol) [0x002910B7]
	BaseThreadInitThunk [0x776B00C9+25]
	RtlGetAppContainerNamedObjectPath [0x77B77B1E+286]
	RtlGetAppContainerNamedObjectPath [0x77B77AEE+238]
	(No symbol) [0x00000000]

2023-10-02 23:06:32,077 - linkedin functions - INFO - Loading config file
2023-10-02 23:06:32,077 - config_parser - INFO - reading json
2023-10-02 23:06:32,082 - config_parser - INFO - json read successfully
2023-10-02 23:06:32,082 - linkedin functions - INFO - Config file loaded successfully
2023-10-02 23:06:32,082 - linkedin spam bot - INFO - Loading config file
2023-10-02 23:06:32,083 - config_parser - INFO - reading json
2023-10-02 23:06:32,083 - config_parser - INFO - json read successfully
2023-10-02 23:06:32,083 - linkedin spam bot - INFO - Config file loaded successfully
2023-10-02 23:06:32,083 - __main__ - INFO - ---START---
2023-10-02 23:06:32,083 - __main__ - INFO - START loading config file
2023-10-02 23:06:32,083 - config_parser - INFO - reading json
2023-10-02 23:06:32,083 - config_parser - INFO - json read successfully
2023-10-02 23:06:32,083 - __main__ - INFO - END loading config file
2023-10-02 23:06:32,083 - __main__ - INFO - Create account manager
2023-10-02 23:06:35,901 - __main__ - INFO - ---END---
2023-10-02 23:33:30,266 - account_manager - ERROR - Problem with adding accountIncorrect number of bindings supplied. The current statement uses 5, and there are 8 supplied.
2023-10-02 23:34:12,247 - account_manager - ERROR - Problem with adding account5 values for 8 columns
2023-10-02 23:34:20,333 - account_manager - ERROR - Problem with adding account5 values for 8 columns
2023-10-26 20:06:19,897 - account_manager - ERROR - Problem with adding account Incorrect number of bindings supplied. The current statement uses 9, and there are 8 supplied.
2023-10-26 20:32:06,459 - config_parser - INFO - reading json
2023-10-26 20:32:06,460 - config_parser - INFO - json read successfully
2023-10-26 20:32:06,461 - linkedin spam bot - INFO - Loading config file
2023-10-26 20:32:06,461 - config_parser - INFO - reading json
2023-10-26 20:32:06,462 - config_parser - INFO - json read successfully
2023-10-26 20:32:06,462 - linkedin spam bot - INFO - Config file loaded successfully
2023-10-26 20:32:06,467 - config_parser - INFO - reading json
2023-10-26 20:32:06,467 - config_parser - INFO - json read successfully
2023-10-26 20:32:06,468 - __main__ - INFO - ---START---
2023-10-26 20:32:06,469 - __main__ - INFO - START loading config file
2023-10-26 20:32:06,469 - config_parser - INFO - reading json
2023-10-26 20:32:06,469 - config_parser - INFO - json read successfully
2023-10-26 20:32:06,470 - __main__ - INFO - END loading config file
2023-10-26 20:32:06,470 - __main__ - INFO - Create account manager
2023-10-26 20:32:24,666 - __main__ - INFO - ---END---
2023-10-26 20:34:04,250 - config_parser - INFO - json read successfully
2023-10-26 20:34:04,251 - config_parser - INFO - json read successfully
2023-10-26 20:34:04,253 - config_parser - INFO - json read successfully
2023-10-26 20:34:04,254 - __main__ - INFO - ---START---
2023-10-26 20:34:04,254 - __main__ - INFO - START loading config file
2023-10-26 20:34:04,254 - config_parser - INFO - json read successfully
2023-10-26 20:34:04,255 - __main__ - INFO - END loading config file
2023-10-26 20:34:04,255 - __main__ - INFO - Create account manager
2023-10-26 20:34:21,555 - __main__ - INFO - ---END---
2023-10-26 20:35:40,242 - __main__ - INFO - ---START---
2023-10-26 20:35:40,242 - __main__ - INFO - START loading config file
2023-10-26 20:35:40,242 - __main__ - INFO - END loading config file
2023-10-26 20:35:40,242 - __main__ - INFO - Create db connection
2023-10-26 20:35:40,243 - __main__ - INFO - Connected to db succesfully
2023-10-26 20:35:44,327 - gmail functions - ERROR - Creation of new gmail acc failed: Message: no such window: target window already closed
from unknown error: web view not found
  (Session info: chrome=118.0.5993.117)
Stacktrace:
	GetHandleVerifier [0x00D14DE3+43907]
	(No symbol) [0x00CA0741]
	(No symbol) [0x00B933ED]
	(No symbol) [0x00B7A9F2]
	(No symbol) [0x00BE68CB]
	(No symbol) [0x00BF5103]
	(No symbol) [0x00BE2956]
	(No symbol) [0x00BBE17E]
	(No symbol) [0x00BBF32D]
	GetHandleVerifier [0x00FC5AF9+2865305]
	GetHandleVerifier [0x0100E78B+3163435]
	GetHandleVerifier [0x01008441+3138017]
	GetHandleVerifier [0x00D9E0F0+605840]
	(No symbol) [0x00CAA64C]
	(No symbol) [0x00CA6638]
	(No symbol) [0x00CA675F]
	(No symbol) [0x00C98DB7]
	BaseThreadInitThunk [0x75D6FCC9+25]
	RtlGetAppContainerNamedObjectPath [0x775A7C6E+286]
	RtlGetAppContainerNamedObjectPath [0x775A7C3E+238]

2023-10-26 20:35:44,328 - __main__ - INFO - ---END---
2023-10-28 18:45:04,423 - __main__ - INFO - ---START---
2023-10-28 18:45:04,424 - __main__ - INFO - START loading config file
2023-10-28 18:45:04,424 - __main__ - INFO - END loading config file
2023-10-28 18:45:04,424 - __main__ - INFO - Create db connection
2023-10-28 18:45:04,425 - __main__ - INFO - Connected to db succesfully
2023-10-28 18:45:22,202 - gmail functions - ERROR - Creation of new gmail acc failed: no such table: users
2023-10-28 18:45:22,202 - __main__ - INFO - ---END---
2023-10-28 18:47:10,986 - __main__ - INFO - ---START---
2023-10-28 18:47:10,986 - __main__ - INFO - START loading config file
2023-10-28 18:47:10,987 - __main__ - INFO - END loading config file
2023-10-28 18:47:10,987 - __main__ - INFO - Create db connection
2023-10-28 18:47:10,987 - __main__ - INFO - Connected to db succesfully
2023-10-28 18:47:13,881 - gmail functions - ERROR - Creation of new gmail acc failed: no such table: phnatom_profiles
2023-10-28 18:47:13,881 - __main__ - INFO - ---END---
2023-10-28 18:47:29,380 - __main__ - INFO - ---START---
2023-10-28 18:47:29,380 - __main__ - INFO - START loading config file
2023-10-28 18:47:29,380 - __main__ - INFO - END loading config file
2023-10-28 18:47:29,380 - __main__ - INFO - Create db connection
2023-10-28 18:47:29,381 - __main__ - INFO - Connected to db succesfully
2023-10-28 18:47:32,318 - gmail functions - ERROR - Creation of new gmail acc failed: too many values to unpack (expected 5)
2023-10-28 18:47:32,318 - __main__ - INFO - ---END---
2023-10-28 18:48:19,224 - __main__ - INFO - ---START---
2023-10-28 18:48:19,225 - __main__ - INFO - START loading config file
2023-10-28 18:48:19,225 - __main__ - INFO - END loading config file
2023-10-28 18:48:19,225 - __main__ - INFO - Create db connection
2023-10-28 18:48:19,226 - __main__ - INFO - Connected to db succesfully
2023-10-28 18:48:22,179 - __main__ - INFO - ---END---
2023-10-28 19:03:44,657 - __main__ - INFO - ---START---
2023-10-28 19:03:44,657 - __main__ - INFO - START loading config file
2023-10-28 19:03:44,658 - __main__ - INFO - END loading config file
2023-10-28 19:03:44,658 - __main__ - INFO - Create db connection
2023-10-28 19:03:44,658 - __main__ - INFO - Connected to db succesfully
2023-10-28 19:03:52,220 - gmail functions - ERROR - Creation of new gmail acc failed: list index out of range
2023-10-28 19:03:52,220 - __main__ - INFO - ---END---
2023-10-28 19:04:27,065 - __main__ - INFO - ---START---
2023-10-28 19:04:27,066 - __main__ - INFO - START loading config file
2023-10-28 19:04:27,066 - __main__ - INFO - END loading config file
2023-10-28 19:04:27,066 - __main__ - INFO - Create db connection
2023-10-28 19:04:27,067 - __main__ - INFO - Connected to db succesfully
2023-10-28 19:04:37,521 - gmail functions - ERROR - Creation of new gmail acc failed: 'list' object has no attribute 'click'
2023-10-28 19:04:37,521 - __main__ - INFO - ---END---
2023-10-28 19:05:14,115 - __main__ - INFO - ---START---
2023-10-28 19:05:14,115 - __main__ - INFO - START loading config file
2023-10-28 19:05:14,115 - __main__ - INFO - END loading config file
2023-10-28 19:05:14,115 - __main__ - INFO - Create db connection
2023-10-28 19:05:14,116 - __main__ - INFO - Connected to db succesfully
2023-10-28 19:05:34,968 - __main__ - INFO - ---END---
2023-10-28 22:39:36,448 - __main__ - INFO - ---START---
2023-10-28 22:39:36,448 - __main__ - INFO - START loading config file
2023-10-28 22:39:36,448 - __main__ - INFO - END loading config file
2023-10-28 22:39:36,449 - __main__ - INFO - Create db connection
2023-10-28 22:39:36,449 - __main__ - INFO - Connected to db succesfully
2023-10-28 22:39:47,233 - gmail functions - ERROR - Creation of new gmail acc failed: Message: no such element: Unable to locate element: {"method":"css selector","selector":"[name="day"]"}
  (Session info: chrome=118.0.5993.117); For documentation on this error, please visit: https://www.selenium.dev/documentation/webdriver/troubleshooting/errors#no-such-element-exception
Stacktrace:
	GetHandleVerifier [0x00A54DE3+43907]
	(No symbol) [0x009E0741]
	(No symbol) [0x008D33ED]
	(No symbol) [0x00906760]
	(No symbol) [0x00906C2B]
	(No symbol) [0x00936F62]
	(No symbol) [0x00922BA4]
	(No symbol) [0x009355CA]
	(No symbol) [0x00922956]
	(No symbol) [0x008FE17E]
	(No symbol) [0x008FF32D]
	GetHandleVerifier [0x00D05AF9+2865305]
	GetHandleVerifier [0x00D4E78B+3163435]
	GetHandleVerifier [0x00D48441+3138017]
	GetHandleVerifier [0x00ADE0F0+605840]
	(No symbol) [0x009EA64C]
	(No symbol) [0x009E6638]
	(No symbol) [0x009E675F]
	(No symbol) [0x009D8DB7]
	BaseThreadInitThunk [0x75D6FCC9+25]
	RtlGetAppContainerNamedObjectPath [0x775A7C6E+286]
	RtlGetAppContainerNamedObjectPath [0x775A7C3E+238]

2023-10-28 22:39:47,233 - __main__ - INFO - ---END---
2023-10-28 22:41:17,756 - __main__ - INFO - ---START---
2023-10-28 22:41:17,756 - __main__ - INFO - START loading config file
2023-10-28 22:41:17,756 - __main__ - INFO - END loading config file
2023-10-28 22:41:17,757 - __main__ - INFO - Create db connection
2023-10-28 22:41:17,757 - __main__ - INFO - Connected to db succesfully
2023-10-28 22:41:39,053 - __main__ - INFO - ---END---
2023-10-28 22:48:36,351 - __main__ - INFO - ---START---
2023-10-28 22:48:36,351 - __main__ - INFO - START loading config file
2023-10-28 22:48:36,351 - __main__ - INFO - END loading config file
2023-10-28 22:48:36,351 - __main__ - INFO - Create db connection
2023-10-28 22:48:36,352 - __main__ - INFO - Connected to db succesfully
2023-10-28 22:49:05,747 - __main__ - INFO - ---END---
2023-10-28 23:39:21,661 - __main__ - INFO - ---START---
2023-10-28 23:39:21,661 - __main__ - INFO - START loading config file
2023-10-28 23:39:21,662 - __main__ - INFO - END loading config file
2023-10-28 23:39:21,662 - __main__ - INFO - Create db connection
2023-10-28 23:39:21,662 - __main__ - INFO - Connected to db succesfully
2023-10-28 23:39:26,973 - gmail functions - ERROR - Creation of new gmail acc failed: 'Logger' object has no attribute 'INFO'
2023-10-28 23:39:26,973 - __main__ - INFO - ---END---
2023-10-28 23:39:58,094 - __main__ - INFO - ---START---
2023-10-28 23:39:58,094 - __main__ - INFO - START loading config file
2023-10-28 23:39:58,095 - __main__ - INFO - END loading config file
2023-10-28 23:39:58,095 - __main__ - INFO - Create db connection
2023-10-28 23:39:58,095 - __main__ - INFO - Connected to db succesfully
2023-10-28 23:40:01,888 - gmail functions - INFO - Creating mail account for profile: 799 Vortex Tyrion 1982-03-09 F vortex.tyrion.798
2023-10-28 23:40:11,849 - gmail functions - ERROR - Creation of new gmail acc failed: Message: Could not locate element with index 03; For documentation on this error, please visit: https://www.selenium.dev/documentation/webdriver/troubleshooting/errors#no-such-element-exception

2023-10-28 23:40:11,849 - __main__ - INFO - ---END---
2023-10-28 23:43:45,965 - __main__ - INFO - ---START---
2023-10-28 23:43:45,965 - __main__ - INFO - START loading config file
2023-10-28 23:43:45,965 - __main__ - INFO - END loading config file
2023-10-28 23:43:45,966 - __main__ - INFO - Create db connection
2023-10-28 23:43:45,966 - __main__ - INFO - Connected to db succesfully
2023-10-28 23:43:48,929 - gmail functions - INFO - Creating mail account for profile: 131 Quill Arya 1980-05-10 F quill.arya.130
2023-10-28 23:44:11,097 - gmail functions - ERROR - Creation of new gmail acc failed: Message: no such window: target window already closed
from unknown error: web view not found
  (Session info: chrome=118.0.5993.117)
Stacktrace:
	GetHandleVerifier [0x00EC4DE3+43907]
	(No symbol) [0x00E50741]
	(No symbol) [0x00D433ED]
	(No symbol) [0x00D2A9F2]
	(No symbol) [0x00D968CB]
	(No symbol) [0x00DA5103]
	(No symbol) [0x00D92956]
	(No symbol) [0x00D6E17E]
	(No symbol) [0x00D6F32D]
	GetHandleVerifier [0x01175AF9+2865305]
	GetHandleVerifier [0x011BE78B+3163435]
	GetHandleVerifier [0x011B8441+3138017]
	GetHandleVerifier [0x00F4E0F0+605840]
	(No symbol) [0x00E5A64C]
	(No symbol) [0x00E56638]
	(No symbol) [0x00E5675F]
	(No symbol) [0x00E48DB7]
	BaseThreadInitThunk [0x75D6FCC9+25]
	RtlGetAppContainerNamedObjectPath [0x775A7C6E+286]
	RtlGetAppContainerNamedObjectPath [0x775A7C3E+238]

2023-10-28 23:44:11,097 - __main__ - INFO - ---END---
2023-10-29 00:23:47,683 - __main__ - INFO - ---START---
2023-10-29 00:23:47,683 - __main__ - INFO - START loading config file
2023-10-29 00:23:47,684 - __main__ - INFO - END loading config file
2023-10-29 00:23:47,684 - __main__ - INFO - Create db connection
2023-10-29 00:23:47,684 - __main__ - INFO - Connected to db succesfully
2023-10-29 00:23:50,523 - gmail functions - INFO - Creating mail account for profile: 748 Baelnorn Orion 1982-01-17 M baelnorn.orion.747
2023-10-29 00:24:08,693 - gmail functions - ERROR - Creation of new gmail acc failed: Message: no such window: target window already closed
from unknown error: web view not found
  (Session info: chrome=118.0.5993.117)
Stacktrace:
	GetHandleVerifier [0x00604DE3+43907]
	(No symbol) [0x00590741]
	(No symbol) [0x004833ED]
	(No symbol) [0x0046A9F2]
	(No symbol) [0x004D68CB]
	(No symbol) [0x004E5103]
	(No symbol) [0x004D2956]
	(No symbol) [0x004AE17E]
	(No symbol) [0x004AF32D]
	GetHandleVerifier [0x008B5AF9+2865305]
	GetHandleVerifier [0x008FE78B+3163435]
	GetHandleVerifier [0x008F8441+3138017]
	GetHandleVerifier [0x0068E0F0+605840]
	(No symbol) [0x0059A64C]
	(No symbol) [0x00596638]
	(No symbol) [0x0059675F]
	(No symbol) [0x00588DB7]
	BaseThreadInitThunk [0x75D6FCC9+25]
	RtlGetAppContainerNamedObjectPath [0x775A7C6E+286]
	RtlGetAppContainerNamedObjectPath [0x775A7C3E+238]

2023-10-29 00:24:08,693 - __main__ - INFO - ---END---
2023-10-29 00:31:00,302 - __main__ - INFO - ---START---
2023-10-29 00:31:00,302 - __main__ - INFO - START loading config file
2023-10-29 00:31:00,302 - __main__ - INFO - END loading config file
2023-10-29 00:31:00,303 - __main__ - INFO - Create db connection
2023-10-29 00:31:00,303 - __main__ - INFO - Connected to db succesfully
2023-10-29 00:31:03,143 - gmail functions - INFO - Creating mail account for profile: 687 Frostveil Arya 1981-11-17 M frostveil.arya.686
2023-10-29 00:31:06,667 - gmail functions - INFO - Filling name
2023-10-29 00:31:10,166 - gmail functions - INFO - Filling birthdate
2023-10-29 00:31:17,221 - gmail functions - INFO - Filling email
2023-10-29 00:31:27,568 - gmail functions - ERROR - Creation of new gmail acc failed: Message: 
Stacktrace:
	GetHandleVerifier [0x004C4DE3+43907]
	(No symbol) [0x00450741]
	(No symbol) [0x003433ED]
	(No symbol) [0x00376760]
	(No symbol) [0x00376C2B]
	(No symbol) [0x003A6F62]
	(No symbol) [0x00392BA4]
	(No symbol) [0x003A55CA]
	(No symbol) [0x00392956]
	(No symbol) [0x0036E17E]
	(No symbol) [0x0036F32D]
	GetHandleVerifier [0x00775AF9+2865305]
	GetHandleVerifier [0x007BE78B+3163435]
	GetHandleVerifier [0x007B8441+3138017]
	GetHandleVerifier [0x0054E0F0+605840]
	(No symbol) [0x0045A64C]
	(No symbol) [0x00456638]
	(No symbol) [0x0045675F]
	(No symbol) [0x00448DB7]
	BaseThreadInitThunk [0x75D6FCC9+25]
	RtlGetAppContainerNamedObjectPath [0x775A7C6E+286]
	RtlGetAppContainerNamedObjectPath [0x775A7C3E+238]

2023-10-29 00:31:27,568 - __main__ - INFO - ---END---
2023-10-29 00:33:17,528 - __main__ - INFO - ---START---
2023-10-29 00:33:17,529 - __main__ - INFO - START loading config file
2023-10-29 00:33:17,529 - __main__ - INFO - END loading config file
2023-10-29 00:33:17,529 - __main__ - INFO - Create db connection
2023-10-29 00:33:17,530 - __main__ - INFO - Connected to db succesfully
2023-10-29 00:33:20,766 - gmail functions - INFO - Creating mail account for profile: 289 Kaelthas Thranduil 1980-10-15 M kaelthas.thranduil.288
2023-10-29 00:33:24,188 - gmail functions - INFO - Filling name
2023-10-29 00:33:27,694 - gmail functions - INFO - Filling birthdate
2023-10-29 00:33:34,735 - gmail functions - INFO - Filling email
2023-10-29 00:33:36,906 - gmail functions - INFO - Filling password
2023-10-29 00:33:50,701 - __main__ - INFO - ---END---
2023-10-29 00:34:35,295 - __main__ - INFO - ---START---
2023-10-29 00:34:35,296 - __main__ - INFO - START loading config file
2023-10-29 00:34:35,296 - __main__ - INFO - END loading config file
2023-10-29 00:34:35,296 - __main__ - INFO - Create db connection
2023-10-29 00:34:35,297 - __main__ - INFO - Connected to db succesfully
2023-10-29 00:34:38,185 - gmail functions - INFO - Creating mail account for profile: 15 Eirwen Tyrion 1980-01-15 M eirwen.tyrion.14
2023-10-29 00:34:41,651 - gmail functions - INFO - Filling name
2023-10-29 00:34:45,159 - gmail functions - INFO - Filling birthdate
2023-10-29 00:34:52,102 - gmail functions - INFO - Filling email
2023-10-29 00:34:54,276 - gmail functions - INFO - Filling password
2023-10-29 00:35:08,115 - __main__ - INFO - ---END---
2023-10-29 00:57:50,011 - __main__ - INFO - ---START---
2023-10-29 00:57:50,011 - __main__ - INFO - START loading config file
2023-10-29 00:57:50,011 - __main__ - INFO - END loading config file
2023-10-29 00:57:50,011 - __main__ - INFO - Create db connection
2023-10-29 00:57:50,012 - __main__ - INFO - Connected to db succesfully
2023-10-29 00:57:53,236 - gmail functions - INFO - Creating mail account for profile: 581 Quill Elara 1981-08-03 F quill.elara.580
2023-10-29 00:57:56,944 - gmail functions - INFO - Filling name
2023-10-29 00:58:00,449 - gmail functions - INFO - Filling birthdate
2023-10-29 00:58:07,438 - gmail functions - INFO - Filling email
2023-10-29 00:58:09,601 - gmail functions - INFO - Filling password
2023-10-29 00:58:23,381 - __main__ - INFO - ---END---
2023-10-29 00:58:31,676 - __main__ - INFO - ---START---
2023-10-29 00:58:31,676 - __main__ - INFO - START loading config file
2023-10-29 00:58:31,676 - __main__ - INFO - END loading config file
2023-10-29 00:58:31,676 - __main__ - INFO - Create db connection
2023-10-29 00:58:31,677 - __main__ - INFO - Connected to db succesfully
2023-10-29 00:58:34,736 - gmail functions - INFO - Creating mail account for profile: 229 Gryffon Maelis 1980-08-16 M gryffon.maelis.228
2023-10-29 00:58:38,455 - gmail functions - INFO - Filling name
2023-10-29 00:58:41,943 - gmail functions - INFO - Filling birthdate
2023-10-29 00:58:48,945 - gmail functions - INFO - Filling email
2023-10-29 00:58:51,112 - gmail functions - INFO - Filling password
2023-10-29 00:59:04,951 - __main__ - INFO - ---END---
2023-10-29 00:59:08,088 - __main__ - INFO - ---START---
2023-10-29 00:59:08,089 - __main__ - INFO - START loading config file
2023-10-29 00:59:08,089 - __main__ - INFO - END loading config file
2023-10-29 00:59:08,089 - __main__ - INFO - Create db connection
2023-10-29 00:59:08,090 - __main__ - INFO - Connected to db succesfully
2023-10-29 00:59:12,748 - __main__ - ERROR - Message: session not created: Chrome failed to start: exited normally.
  (session not created: DevToolsActivePort file doesn't exist)
  (The process started from chrome location C:\Program Files\Google\Chrome\Application\chrome.exe is no longer running, so ChromeDriver is assuming that Chrome has crashed.)
Stacktrace:
	GetHandleVerifier [0x00C74DE3+43907]
	(No symbol) [0x00C00741]
	(No symbol) [0x00AF33ED]
	(No symbol) [0x00B18BF5]
	(No symbol) [0x00B15190]
	(No symbol) [0x00B49396]
	(No symbol) [0x00B48F2C]
	(No symbol) [0x00B42956]
	(No symbol) [0x00B1E17E]
	(No symbol) [0x00B1F32D]
	GetHandleVerifier [0x00F25AF9+2865305]
	GetHandleVerifier [0x00F6E78B+3163435]
	GetHandleVerifier [0x00F68441+3138017]
	GetHandleVerifier [0x00CFE0F0+605840]
	(No symbol) [0x00C0A64C]
	(No symbol) [0x00C06638]
	(No symbol) [0x00C0675F]
	(No symbol) [0x00BF8DB7]
	BaseThreadInitThunk [0x75D6FCC9+25]
	RtlGetAppContainerNamedObjectPath [0x775A7C6E+286]
	RtlGetAppContainerNamedObjectPath [0x775A7C3E+238]

2023-10-29 00:59:48,540 - __main__ - INFO - ---START---
2023-10-29 00:59:48,540 - __main__ - INFO - START loading config file
2023-10-29 00:59:48,541 - __main__ - INFO - END loading config file
2023-10-29 00:59:48,541 - __main__ - INFO - Create db connection
2023-10-29 00:59:48,541 - __main__ - INFO - Connected to db succesfully
2023-10-29 00:59:53,142 - __main__ - ERROR - Message: session not created: Chrome failed to start: exited normally.
  (session not created: DevToolsActivePort file doesn't exist)
  (The process started from chrome location C:\Program Files\Google\Chrome\Application\chrome.exe is no longer running, so ChromeDriver is assuming that Chrome has crashed.)
Stacktrace:
	GetHandleVerifier [0x00654DE3+43907]
	(No symbol) [0x005E0741]
	(No symbol) [0x004D33ED]
	(No symbol) [0x004F8BF5]
	(No symbol) [0x004F5190]
	(No symbol) [0x00529396]
	(No symbol) [0x00528F2C]
	(No symbol) [0x00522956]
	(No symbol) [0x004FE17E]
	(No symbol) [0x004FF32D]
	GetHandleVerifier [0x00905AF9+2865305]
	GetHandleVerifier [0x0094E78B+3163435]
	GetHandleVerifier [0x00948441+3138017]
	GetHandleVerifier [0x006DE0F0+605840]
	(No symbol) [0x005EA64C]
	(No symbol) [0x005E6638]
	(No symbol) [0x005E675F]
	(No symbol) [0x005D8DB7]
	BaseThreadInitThunk [0x75D6FCC9+25]
	RtlGetAppContainerNamedObjectPath [0x775A7C6E+286]
	RtlGetAppContainerNamedObjectPath [0x775A7C3E+238]

2023-10-29 01:01:08,504 - __main__ - INFO - ---START---
2023-10-29 01:01:08,504 - __main__ - INFO - START loading config file
2023-10-29 01:01:08,504 - __main__ - INFO - END loading config file
2023-10-29 01:01:08,504 - __main__ - INFO - Create db connection
2023-10-29 01:01:08,505 - __main__ - INFO - Connected to db succesfully
2023-10-29 01:01:13,014 - __main__ - ERROR - Message: session not created: Chrome failed to start: exited normally.
  (session not created: DevToolsActivePort file doesn't exist)
  (The process started from chrome location C:\Program Files\Google\Chrome\Application\chrome.exe is no longer running, so ChromeDriver is assuming that Chrome has crashed.)
Stacktrace:
	GetHandleVerifier [0x005E4DE3+43907]
	(No symbol) [0x00570741]
	(No symbol) [0x004633ED]
	(No symbol) [0x00488BF5]
	(No symbol) [0x00485190]
	(No symbol) [0x004B9396]
	(No symbol) [0x004B8F2C]
	(No symbol) [0x004B2956]
	(No symbol) [0x0048E17E]
	(No symbol) [0x0048F32D]
	GetHandleVerifier [0x00895AF9+2865305]
	GetHandleVerifier [0x008DE78B+3163435]
	GetHandleVerifier [0x008D8441+3138017]
	GetHandleVerifier [0x0066E0F0+605840]
	(No symbol) [0x0057A64C]
	(No symbol) [0x00576638]
	(No symbol) [0x0057675F]
	(No symbol) [0x00568DB7]
	BaseThreadInitThunk [0x75D6FCC9+25]
	RtlGetAppContainerNamedObjectPath [0x775A7C6E+286]
	RtlGetAppContainerNamedObjectPath [0x775A7C3E+238]

2023-10-29 01:01:59,050 - __main__ - INFO - ---START---
2023-10-29 01:01:59,050 - __main__ - INFO - START loading config file
2023-10-29 01:01:59,051 - __main__ - INFO - END loading config file
2023-10-29 01:01:59,051 - __main__ - INFO - Create db connection
2023-10-29 01:01:59,051 - __main__ - INFO - Connected to db succesfully
2023-10-29 01:02:04,053 - gmail functions - INFO - Creating mail account for profile: 554 Zephyr Galen 1981-07-07 M zephyr.galen.553
2023-10-29 01:02:22,095 - gmail functions - ERROR - Creation of new gmail acc failed: Message: 
Stacktrace:
	GetHandleVerifier [0x006A4DE3+43907]
	(No symbol) [0x00630741]
	(No symbol) [0x005233ED]
	(No symbol) [0x00556760]
	(No symbol) [0x00556C2B]
	(No symbol) [0x00586F62]
	(No symbol) [0x00572BA4]
	(No symbol) [0x005855CA]
	(No symbol) [0x00572956]
	(No symbol) [0x0054E17E]
	(No symbol) [0x0054F32D]
	GetHandleVerifier [0x00955AF9+2865305]
	GetHandleVerifier [0x0099E78B+3163435]
	GetHandleVerifier [0x00998441+3138017]
	GetHandleVerifier [0x0072E0F0+605840]
	(No symbol) [0x0063A64C]
	(No symbol) [0x00636638]
	(No symbol) [0x0063675F]
	(No symbol) [0x00628DB7]
	BaseThreadInitThunk [0x75D6FCC9+25]
	RtlGetAppContainerNamedObjectPath [0x775A7C6E+286]
	RtlGetAppContainerNamedObjectPath [0x775A7C3E+238]

2023-10-29 01:02:22,095 - __main__ - INFO - ---END---
2023-10-29 01:02:53,111 - __main__ - INFO - ---START---
2023-10-29 01:02:53,111 - __main__ - INFO - START loading config file
2023-10-29 01:02:53,111 - __main__ - INFO - END loading config file
2023-10-29 01:02:53,111 - __main__ - INFO - Create db connection
2023-10-29 01:02:53,112 - __main__ - INFO - Connected to db succesfully
2023-10-29 01:02:57,158 - gmail functions - INFO - Creating mail account for profile: 522 Pyre Oberyn 1981-06-05 M pyre.oberyn.521
2023-10-29 01:03:14,081 - gmail functions - ERROR - Creation of new gmail acc failed: Message: 
Stacktrace:
	GetHandleVerifier [0x002D4DE3+43907]
	(No symbol) [0x00260741]
	(No symbol) [0x001533ED]
	(No symbol) [0x00186760]
	(No symbol) [0x00186C2B]
	(No symbol) [0x001B6F62]
	(No symbol) [0x001A2BA4]
	(No symbol) [0x001B55CA]
	(No symbol) [0x001A2956]
	(No symbol) [0x0017E17E]
	(No symbol) [0x0017F32D]
	GetHandleVerifier [0x00585AF9+2865305]
	GetHandleVerifier [0x005CE78B+3163435]
	GetHandleVerifier [0x005C8441+3138017]
	GetHandleVerifier [0x0035E0F0+605840]
	(No symbol) [0x0026A64C]
	(No symbol) [0x00266638]
	(No symbol) [0x0026675F]
	(No symbol) [0x00258DB7]
	BaseThreadInitThunk [0x75D6FCC9+25]
	RtlGetAppContainerNamedObjectPath [0x775A7C6E+286]
	RtlGetAppContainerNamedObjectPath [0x775A7C3E+238]
	(No symbol) [0x00000000]

2023-10-29 01:03:14,081 - __main__ - INFO - ---END---
2023-10-29 11:39:32,152 - __main__ - INFO - ---START---
2023-10-29 11:39:32,153 - __main__ - INFO - START loading config file
2023-10-29 11:39:32,153 - __main__ - INFO - END loading config file
2023-10-29 11:39:32,153 - __main__ - INFO - Create db connection
2023-10-29 11:39:32,157 - __main__ - INFO - Connected to db succesfully
2023-10-29 11:39:37,886 - gmail functions - INFO - Creating mail account for profile: 280 Xanadu Branwen 1980-10-06 M xanadu.branwen.279
2023-10-29 11:39:46,188 - gmail functions - ERROR - Creation of new gmail acc failed: Message: no such window: target window already closed
from unknown error: web view not found
  (Session info: chrome=118.0.5993.118)
Stacktrace:
	GetHandleVerifier [0x010D4DE3+43907]
	(No symbol) [0x01060741]
	(No symbol) [0x00F533ED]
	(No symbol) [0x00F3A9F2]
	(No symbol) [0x00FA68CB]
	(No symbol) [0x00FB5103]
	(No symbol) [0x00FA2956]
	(No symbol) [0x00F7E17E]
	(No symbol) [0x00F7F32D]
	GetHandleVerifier [0x01385AF9+2865305]
	GetHandleVerifier [0x013CE78B+3163435]
	GetHandleVerifier [0x013C8441+3138017]
	GetHandleVerifier [0x0115E0F0+605840]
	(No symbol) [0x0106A64C]
	(No symbol) [0x01066638]
	(No symbol) [0x0106675F]
	(No symbol) [0x01058DB7]
	BaseThreadInitThunk [0x75D6FCC9+25]
	RtlGetAppContainerNamedObjectPath [0x775A7C6E+286]
	RtlGetAppContainerNamedObjectPath [0x775A7C3E+238]

2023-10-29 11:39:46,189 - __main__ - INFO - ---END---
2023-10-29 11:39:57,459 - __main__ - INFO - ---START---
2023-10-29 11:39:57,459 - __main__ - INFO - START loading config file
2023-10-29 11:39:57,459 - __main__ - INFO - END loading config file
2023-10-29 11:39:57,459 - __main__ - INFO - Create db connection
2023-10-29 11:39:57,460 - __main__ - INFO - Connected to db succesfully
2023-10-29 11:40:01,377 - gmail functions - INFO - Creating mail account for profile: 283 Duskrunner Yennefer 1980-10-09 F duskrunner.yennefer.282
2023-10-29 11:40:05,617 - gmail functions - INFO - Filling name
2023-10-29 11:40:09,153 - gmail functions - INFO - Filling birthdate
2023-10-29 11:40:16,232 - gmail functions - INFO - Filling email
2023-10-29 11:40:18,408 - gmail functions - INFO - Filling password
2023-10-29 11:40:32,259 - __main__ - INFO - ---END---
2023-10-29 11:41:06,386 - __main__ - INFO - ---START---
2023-10-29 11:41:06,386 - __main__ - INFO - START loading config file
2023-10-29 11:41:06,386 - __main__ - INFO - END loading config file
2023-10-29 11:41:06,386 - __main__ - INFO - Create db connection
2023-10-29 11:41:06,387 - __main__ - INFO - Connected to db succesfully
2023-10-29 11:41:10,618 - gmail functions - INFO - Creating mail account for profile: 269 Zephyr Orion 1980-09-25 M zephyr.orion.268
2023-10-29 11:41:15,050 - gmail functions - INFO - Filling name
2023-10-29 11:41:18,646 - gmail functions - INFO - Filling birthdate
2023-10-29 11:41:25,776 - gmail functions - INFO - Filling email
2023-10-29 11:41:27,977 - gmail functions - INFO - Filling password
2023-10-29 11:41:41,843 - __main__ - INFO - ---END---
2023-10-29 11:46:12,475 - __main__ - INFO - ---START---
2023-10-29 11:46:12,475 - __main__ - INFO - START loading config file
2023-10-29 11:46:12,476 - __main__ - INFO - END loading config file
2023-10-29 11:46:12,476 - __main__ - INFO - Create db connection
2023-10-29 11:46:12,476 - __main__ - INFO - Connected to db succesfully
2023-10-29 11:46:16,807 - gmail functions - INFO - Creating mail account for profile: 590 Eirwen Maelis 1981-08-12 F eirwen.maelis.589
2023-10-29 11:46:23,024 - gmail functions - INFO - Filling name
2023-10-29 11:46:27,826 - gmail functions - INFO - Filling birthdate
2023-10-29 11:46:35,938 - gmail functions - INFO - Filling email
2023-10-29 11:46:39,146 - gmail functions - INFO - Filling password
2023-10-29 11:46:53,968 - __main__ - INFO - ---END---
2023-10-29 11:56:11,210 - __main__ - INFO - ---START---
2023-10-29 11:56:11,210 - __main__ - INFO - START loading config file
2023-10-29 11:56:11,211 - __main__ - INFO - END loading config file
2023-10-29 11:56:11,211 - __main__ - INFO - Create db connection
2023-10-29 11:56:11,211 - __main__ - INFO - Connected to db succesfully
2023-10-29 11:56:15,385 - gmail functions - INFO - Creating mail account for profile: 83 Wraith Xerxes 1980-03-23 F wraith.xerxes.82
2023-10-29 11:56:27,242 - gmail functions - ERROR - Creation of new gmail acc failed: Message: 
Stacktrace:
	GetHandleVerifier [0x00824DE3+43907]
	(No symbol) [0x007B0741]
	(No symbol) [0x006A33ED]
	(No symbol) [0x006D6760]
	(No symbol) [0x006D6C2B]
	(No symbol) [0x00706F62]
	(No symbol) [0x006F2BA4]
	(No symbol) [0x007055CA]
	(No symbol) [0x006F2956]
	(No symbol) [0x006CE17E]
	(No symbol) [0x006CF32D]
	GetHandleVerifier [0x00AD5AF9+2865305]
	GetHandleVerifier [0x00B1E78B+3163435]
	GetHandleVerifier [0x00B18441+3138017]
	GetHandleVerifier [0x008AE0F0+605840]
	(No symbol) [0x007BA64C]
	(No symbol) [0x007B6638]
	(No symbol) [0x007B675F]
	(No symbol) [0x007A8DB7]
	BaseThreadInitThunk [0x75D6FCC9+25]
	RtlGetAppContainerNamedObjectPath [0x775A7C6E+286]
	RtlGetAppContainerNamedObjectPath [0x775A7C3E+238]

2023-10-29 11:56:27,242 - __main__ - INFO - ---END---
2023-10-29 11:57:47,965 - __main__ - INFO - ---START---
2023-10-29 11:57:47,965 - __main__ - INFO - START loading config file
2023-10-29 11:57:47,965 - __main__ - INFO - END loading config file
2023-10-29 11:57:47,965 - __main__ - INFO - Create db connection
2023-10-29 11:57:47,966 - __main__ - INFO - Connected to db succesfully
2023-10-29 11:57:52,141 - gmail functions - INFO - Creating mail account for profile: 307 Celestia Arya 1980-11-02 F celestia.arya.306
2023-10-29 11:57:55,823 - gmail functions - INFO - Filling name
2023-10-29 11:58:00,579 - gmail functions - INFO - Filling birthdate
2023-10-29 11:58:08,573 - gmail functions - INFO - Filling email
2023-10-29 11:58:11,726 - gmail functions - INFO - Filling password
2023-10-29 11:58:26,488 - __main__ - INFO - ---END---
2023-10-29 12:21:53,585 - __main__ - INFO - ---START---
2023-10-29 12:21:53,585 - __main__ - INFO - START loading config file
2023-10-29 12:21:53,586 - __main__ - INFO - END loading config file
2023-10-29 12:21:53,586 - __main__ - INFO - Create db connection
2023-10-29 12:21:53,586 - __main__ - INFO - Connected to db succesfully
2023-10-29 12:21:57,506 - gmail functions - INFO - Creating mail account for profile: 733 Pyre Thranduil 1982-01-02 F pyre.thranduil.732
2023-10-29 12:22:10,328 - gmail functions - ERROR - Creation of new gmail acc failed: Message: 
Stacktrace:
	GetHandleVerifier [0x00D64DE3+43907]
	(No symbol) [0x00CF0741]
	(No symbol) [0x00BE33ED]
	(No symbol) [0x00C16760]
	(No symbol) [0x00C16C2B]
	(No symbol) [0x00C46F62]
	(No symbol) [0x00C32BA4]
	(No symbol) [0x00C455CA]
	(No symbol) [0x00C32956]
	(No symbol) [0x00C0E17E]
	(No symbol) [0x00C0F32D]
	GetHandleVerifier [0x01015AF9+2865305]
	GetHandleVerifier [0x0105E78B+3163435]
	GetHandleVerifier [0x01058441+3138017]
	GetHandleVerifier [0x00DEE0F0+605840]
	(No symbol) [0x00CFA64C]
	(No symbol) [0x00CF6638]
	(No symbol) [0x00CF675F]
	(No symbol) [0x00CE8DB7]
	BaseThreadInitThunk [0x75D6FCC9+25]
	RtlGetAppContainerNamedObjectPath [0x775A7C6E+286]
	RtlGetAppContainerNamedObjectPath [0x775A7C3E+238]

2023-10-29 12:22:10,328 - __main__ - INFO - ---END---
2023-10-29 12:22:46,697 - __main__ - INFO - ---START---
2023-10-29 12:22:46,697 - __main__ - INFO - START loading config file
2023-10-29 12:22:46,697 - __main__ - INFO - END loading config file
2023-10-29 12:22:46,697 - __main__ - INFO - Create db connection
2023-10-29 12:22:46,698 - __main__ - INFO - Connected to db succesfully
2023-10-29 12:22:50,444 - gmail functions - INFO - Creating mail account for profile: 228 Gryffon Astrid 1980-08-15 F gryffon.astrid.227
2023-10-29 12:23:01,944 - gmail functions - ERROR - Creation of new gmail acc failed: Message: 
Stacktrace:
	GetHandleVerifier [0x009C4DE3+43907]
	(No symbol) [0x00950741]
	(No symbol) [0x008433ED]
	(No symbol) [0x00876760]
	(No symbol) [0x00876C2B]
	(No symbol) [0x008A6F62]
	(No symbol) [0x00892BA4]
	(No symbol) [0x008A55CA]
	(No symbol) [0x00892956]
	(No symbol) [0x0086E17E]
	(No symbol) [0x0086F32D]
	GetHandleVerifier [0x00C75AF9+2865305]
	GetHandleVerifier [0x00CBE78B+3163435]
	GetHandleVerifier [0x00CB8441+3138017]
	GetHandleVerifier [0x00A4E0F0+605840]
	(No symbol) [0x0095A64C]
	(No symbol) [0x00956638]
	(No symbol) [0x0095675F]
	(No symbol) [0x00948DB7]
	BaseThreadInitThunk [0x75D6FCC9+25]
	RtlGetAppContainerNamedObjectPath [0x775A7C6E+286]
	RtlGetAppContainerNamedObjectPath [0x775A7C3E+238]

2023-10-29 12:23:01,944 - __main__ - INFO - ---END---
2023-10-29 12:23:11,081 - __main__ - INFO - ---START---
2023-10-29 12:23:11,081 - __main__ - INFO - START loading config file
2023-10-29 12:23:11,081 - __main__ - INFO - END loading config file
2023-10-29 12:23:11,081 - __main__ - INFO - Create db connection
2023-10-29 12:23:11,082 - __main__ - INFO - Connected to db succesfully
2023-10-29 12:23:15,524 - gmail functions - INFO - Creating mail account for profile: 165 Stratos Oberyn 1980-06-13 M stratos.oberyn.164
2023-10-29 12:23:19,557 - gmail functions - INFO - Filling name
2023-10-29 12:23:24,347 - gmail functions - INFO - Filling birthdate
2023-10-29 12:23:32,302 - gmail functions - INFO - Filling email
2023-10-29 12:23:35,458 - gmail functions - INFO - Filling password
2023-10-29 12:23:50,237 - __main__ - INFO - ---END---
2023-10-29 12:32:51,393 - __main__ - INFO - ---START---
2023-10-29 12:32:51,393 - __main__ - INFO - START loading config file
2023-10-29 12:32:51,393 - __main__ - INFO - END loading config file
2023-10-29 12:32:51,393 - __main__ - INFO - Create db connection
2023-10-29 12:32:51,394 - __main__ - INFO - Connected to db succesfully
2023-10-29 12:32:56,010 - gmail functions - INFO - Creating mail account for profile: 745 Zephyr Quorra 1982-01-14 F zephyr.quorra.744
2023-10-29 12:33:41,750 - gmail functions - ERROR - Creation of new gmail acc failed: Message: 
Stacktrace:
	GetHandleVerifier [0x00E74DE3+43907]
	(No symbol) [0x00E00741]
	(No symbol) [0x00CF33ED]
	(No symbol) [0x00D26760]
	(No symbol) [0x00D26C2B]
	(No symbol) [0x00D56F62]
	(No symbol) [0x00D42BA4]
	(No symbol) [0x00D555CA]
	(No symbol) [0x00D42956]
	(No symbol) [0x00D1E17E]
	(No symbol) [0x00D1F32D]
	GetHandleVerifier [0x01125AF9+2865305]
	GetHandleVerifier [0x0116E78B+3163435]
	GetHandleVerifier [0x01168441+3138017]
	GetHandleVerifier [0x00EFE0F0+605840]
	(No symbol) [0x00E0A64C]
	(No symbol) [0x00E06638]
	(No symbol) [0x00E0675F]
	(No symbol) [0x00DF8DB7]
	BaseThreadInitThunk [0x75D6FCC9+25]
	RtlGetAppContainerNamedObjectPath [0x775A7C6E+286]
	RtlGetAppContainerNamedObjectPath [0x775A7C3E+238]

2023-10-29 12:33:41,750 - __main__ - INFO - ---END---
2023-10-29 12:36:42,087 - __main__ - INFO - ---START---
2023-10-29 12:36:42,088 - __main__ - INFO - START loading config file
2023-10-29 12:36:42,088 - __main__ - INFO - END loading config file
2023-10-29 12:36:42,088 - __main__ - INFO - Create db connection
2023-10-29 12:36:42,089 - __main__ - INFO - Connected to db succesfully
2023-10-29 12:36:42,089 - proxy_scrapper - INFO - Scrapping proxy
2023-10-29 12:36:42,252 - proxy_scrapper - INFO - Proxy scrapped successfull
2023-10-29 12:36:46,574 - gmail functions - INFO - Creating mail account for profile: 107 Gryffon Galen 1980-04-16 F gryffon.galen.106
2023-10-29 12:36:56,868 - gmail functions - ERROR - Creation of new gmail acc failed: ('Connection aborted.', ConnectionResetError(10054, 'An existing connection was forcibly closed by the remote host', None, 10054, None))
2023-10-29 12:36:56,868 - __main__ - INFO - ---END---
2023-10-29 12:37:34,276 - __main__ - INFO - ---START---
2023-10-29 12:37:34,276 - __main__ - INFO - START loading config file
2023-10-29 12:37:34,277 - __main__ - INFO - END loading config file
2023-10-29 12:37:34,277 - __main__ - INFO - Create db connection
2023-10-29 12:37:34,277 - __main__ - INFO - Connected to db succesfully
2023-10-29 12:37:34,277 - proxy_scrapper - INFO - Scrapping proxy
2023-10-29 12:37:34,814 - proxy_scrapper - INFO - Proxy scrapped successfull
2023-10-29 12:37:39,467 - gmail functions - INFO - Creating mail account for profile: 131 Quill Arya 1980-05-10 F quill.arya.130
2023-10-29 12:37:50,089 - gmail functions - ERROR - Creation of new gmail acc failed: ('Connection aborted.', ConnectionResetError(10054, 'An existing connection was forcibly closed by the remote host', None, 10054, None))
2023-10-29 12:37:50,089 - __main__ - INFO - ---END---
2023-10-29 12:39:08,691 - __main__ - INFO - ---START---
2023-10-29 12:39:08,691 - __main__ - INFO - START loading config file
2023-10-29 12:39:08,692 - __main__ - INFO - END loading config file
2023-10-29 12:39:08,692 - __main__ - INFO - Create db connection
2023-10-29 12:39:08,692 - __main__ - INFO - Connected to db succesfully
2023-10-29 12:39:10,873 - proxy_scrapper - INFO - Scrapping proxy
2023-10-29 12:39:11,081 - proxy_scrapper - INFO - Proxy scrapped successfull
2023-10-29 12:39:14,891 - gmail functions - INFO - Creating mail account for profile: 28 Ysera Arya 1980-01-28 F ysera.arya.27
2023-10-29 12:39:24,174 - gmail functions - ERROR - Creation of new gmail acc failed: Message: no such window: target window already closed
from unknown error: web view not found
  (Session info: chrome=118.0.5993.118)
Stacktrace:
	GetHandleVerifier [0x005F4DE3+43907]
	(No symbol) [0x00580741]
	(No symbol) [0x004733ED]
	(No symbol) [0x0045A9F2]
	(No symbol) [0x004C68CB]
	(No symbol) [0x004D5103]
	(No symbol) [0x004C2956]
	(No symbol) [0x0049E17E]
	(No symbol) [0x0049F32D]
	GetHandleVerifier [0x008A5AF9+2865305]
	GetHandleVerifier [0x008EE78B+3163435]
	GetHandleVerifier [0x008E8441+3138017]
	GetHandleVerifier [0x0067E0F0+605840]
	(No symbol) [0x0058A64C]
	(No symbol) [0x00586638]
	(No symbol) [0x0058675F]
	(No symbol) [0x00578DB7]
	BaseThreadInitThunk [0x75D6FCC9+25]
	RtlGetAppContainerNamedObjectPath [0x775A7C6E+286]
	RtlGetAppContainerNamedObjectPath [0x775A7C3E+238]

2023-10-29 12:39:24,174 - __main__ - INFO - ---END---
2023-10-29 12:39:49,461 - __main__ - INFO - ---START---
2023-10-29 12:39:49,461 - __main__ - INFO - START loading config file
2023-10-29 12:39:49,461 - __main__ - INFO - END loading config file
2023-10-29 12:39:49,461 - __main__ - INFO - Create db connection
2023-10-29 12:39:49,462 - __main__ - INFO - Connected to db succesfully
2023-10-29 12:39:54,955 - gmail functions - INFO - Creating mail account for profile: 194 Pyre Yennefer 1980-07-12 F pyre.yennefer.193
2023-10-29 12:40:00,261 - gmail functions - INFO - Filling name
2023-10-29 12:40:05,025 - gmail functions - INFO - Filling birthdate
2023-10-29 12:40:13,060 - gmail functions - INFO - Filling email
2023-10-29 12:40:16,226 - gmail functions - INFO - Filling password
2023-10-29 12:40:31,043 - __main__ - INFO - ---END---
2023-10-29 12:40:43,615 - __main__ - INFO - ---START---
2023-10-29 12:40:43,615 - __main__ - INFO - START loading config file
2023-10-29 12:40:43,616 - __main__ - INFO - END loading config file
2023-10-29 12:40:43,616 - __main__ - INFO - Create db connection
2023-10-29 12:40:43,616 - __main__ - INFO - Connected to db succesfully
2023-10-29 12:40:43,616 - proxy_scrapper - INFO - Scrapping proxy
2023-10-29 12:40:43,768 - proxy_scrapper - INFO - Proxy scrapped successfull
2023-10-29 12:40:47,624 - gmail functions - INFO - Creating mail account for profile: 647 Obsidian Yara 1981-10-08 F obsidian.yara.646
2023-10-29 12:40:59,257 - gmail functions - ERROR - Creation of new gmail acc failed: Message: no such window: target window already closed
from unknown error: web view not found
  (Session info: chrome=118.0.5993.118)
Stacktrace:
	GetHandleVerifier [0x00934DE3+43907]
	(No symbol) [0x008C0741]
	(No symbol) [0x007B33ED]
	(No symbol) [0x0079A9F2]
	(No symbol) [0x008068CB]
	(No symbol) [0x00815103]
	(No symbol) [0x00802956]
	(No symbol) [0x007DE17E]
	(No symbol) [0x007DF32D]
	GetHandleVerifier [0x00BE5AF9+2865305]
	GetHandleVerifier [0x00C2E78B+3163435]
	GetHandleVerifier [0x00C28441+3138017]
	GetHandleVerifier [0x009BE0F0+605840]
	(No symbol) [0x008CA64C]
	(No symbol) [0x008C6638]
	(No symbol) [0x008C675F]
	(No symbol) [0x008B8DB7]
	BaseThreadInitThunk [0x75D6FCC9+25]
	RtlGetAppContainerNamedObjectPath [0x775A7C6E+286]
	RtlGetAppContainerNamedObjectPath [0x775A7C3E+238]

2023-10-29 12:40:59,258 - __main__ - INFO - ---END---
2023-10-29 12:41:42,146 - __main__ - INFO - ---START---
2023-10-29 12:41:42,146 - __main__ - INFO - START loading config file
2023-10-29 12:41:42,147 - __main__ - INFO - END loading config file
2023-10-29 12:41:42,147 - __main__ - INFO - Create db connection
2023-10-29 12:41:42,147 - __main__ - INFO - Connected to db succesfully
2023-10-29 12:41:42,147 - proxy_scrapper - INFO - Scrapping proxy
2023-10-29 12:41:42,290 - proxy_scrapper - INFO - Proxy scrapped successfull
2023-10-29 12:41:42,291 - __main__ - ERROR - can only concatenate str (not "tuple") to str
2023-10-29 12:41:56,669 - __main__ - INFO - ---START---
2023-10-29 12:41:56,669 - __main__ - INFO - START loading config file
2023-10-29 12:41:56,670 - __main__ - INFO - END loading config file
2023-10-29 12:41:56,670 - __main__ - INFO - Create db connection
2023-10-29 12:41:56,670 - __main__ - INFO - Connected to db succesfully
2023-10-29 12:41:56,670 - proxy_scrapper - INFO - Scrapping proxy
2023-10-29 12:41:56,827 - proxy_scrapper - INFO - Proxy scrapped successfull
2023-10-29 12:41:56,828 - __main__ - INFO - proxy: ('87.107.166.6', '8090')
2023-10-29 12:42:00,829 - gmail functions - INFO - Creating mail account for profile: 594 Frostveil Quorra 1981-08-16 M frostveil.quorra.593
2023-10-29 12:42:08,889 - gmail functions - ERROR - Creation of new gmail acc failed: Message: no such window: target window already closed
from unknown error: web view not found
  (Session info: chrome=118.0.5993.118)
Stacktrace:
	GetHandleVerifier [0x00D64DE3+43907]
	(No symbol) [0x00CF0741]
	(No symbol) [0x00BE33ED]
	(No symbol) [0x00BCA9F2]
	(No symbol) [0x00C368CB]
	(No symbol) [0x00C45103]
	(No symbol) [0x00C32956]
	(No symbol) [0x00C0E17E]
	(No symbol) [0x00C0F32D]
	GetHandleVerifier [0x01015AF9+2865305]
	GetHandleVerifier [0x0105E78B+3163435]
	GetHandleVerifier [0x01058441+3138017]
	GetHandleVerifier [0x00DEE0F0+605840]
	(No symbol) [0x00CFA64C]
	(No symbol) [0x00CF6638]
	(No symbol) [0x00CF675F]
	(No symbol) [0x00CE8DB7]
	BaseThreadInitThunk [0x75D6FCC9+25]
	RtlGetAppContainerNamedObjectPath [0x775A7C6E+286]
	RtlGetAppContainerNamedObjectPath [0x775A7C3E+238]

2023-10-29 12:42:08,889 - __main__ - INFO - ---END---
2023-10-29 12:45:25,815 - __main__ - INFO - ---START---
2023-10-29 12:45:25,815 - __main__ - INFO - START loading config file
2023-10-29 12:45:25,815 - __main__ - INFO - END loading config file
2023-10-29 12:45:25,815 - __main__ - INFO - Create db connection
2023-10-29 12:45:25,816 - __main__ - INFO - Connected to db succesfully
2023-10-29 12:45:25,816 - proxy_scrapper - INFO - Scrapping proxy
2023-10-29 12:45:25,994 - proxy_scrapper - INFO - Proxy scrapped successfull
2023-10-29 12:45:25,995 - __main__ - INFO - proxy: ('43.157.10.238', '8888')
2023-10-29 12:45:29,671 - gmail functions - INFO - Creating mail account for profile: 10 Thaladred Orion 1980-01-10 M thaladred.orion.9
2023-10-29 12:45:30,137 - gmail functions - ERROR - Creation of new gmail acc failed: Message: unknown error: net::ERR_PROXY_CONNECTION_FAILED
  (Session info: chrome=118.0.5993.118)
Stacktrace:
	GetHandleVerifier [0x00714DE3+43907]
	(No symbol) [0x006A0741]
	(No symbol) [0x005933ED]
	(No symbol) [0x0058FC4E]
	(No symbol) [0x005860B2]
	(No symbol) [0x00586F71]
	(No symbol) [0x00586395]
	(No symbol) [0x005856F8]
	(No symbol) [0x0058569A]
	(No symbol) [0x00584413]
	(No symbol) [0x00584AF8]
	(No symbol) [0x00595193]
	(No symbol) [0x005F5B61]
	(No symbol) [0x005E2B5C]
	(No symbol) [0x005F55CA]
	(No symbol) [0x005E2956]
	(No symbol) [0x005BE17E]
	(No symbol) [0x005BF32D]
	GetHandleVerifier [0x009C5AF9+2865305]
	GetHandleVerifier [0x00A0E78B+3163435]
	GetHandleVerifier [0x00A08441+3138017]
	GetHandleVerifier [0x0079E0F0+605840]
	(No symbol) [0x006AA64C]
	(No symbol) [0x006A6638]
	(No symbol) [0x006A675F]
	(No symbol) [0x00698DB7]
	BaseThreadInitThunk [0x75D6FCC9+25]
	RtlGetAppContainerNamedObjectPath [0x775A7C6E+286]
	RtlGetAppContainerNamedObjectPath [0x775A7C3E+238]

2023-10-29 12:45:30,137 - __main__ - INFO - ---END---
2023-10-29 12:45:51,222 - __main__ - INFO - ---START---
2023-10-29 12:45:51,222 - __main__ - INFO - START loading config file
2023-10-29 12:45:51,223 - __main__ - INFO - END loading config file
2023-10-29 12:45:51,223 - __main__ - INFO - Create db connection
2023-10-29 12:45:51,223 - __main__ - INFO - Connected to db succesfully
2023-10-29 12:45:51,223 - proxy_scrapper - INFO - Scrapping proxy
2023-10-29 12:45:51,373 - proxy_scrapper - INFO - Proxy scrapped successfull
2023-10-29 12:45:51,374 - __main__ - INFO - proxy: ('43.157.10.238', '8888')
2023-10-29 12:45:55,123 - gmail functions - INFO - Creating mail account for profile: 151 Vigil Yara 1980-05-30 M vigil.yara.150
2023-10-29 12:45:55,571 - gmail functions - ERROR - Creation of new gmail acc failed: Message: unknown error: net::ERR_PROXY_CONNECTION_FAILED
  (Session info: chrome=118.0.5993.118)
Stacktrace:
	GetHandleVerifier [0x00274DE3+43907]
	(No symbol) [0x00200741]
	(No symbol) [0x000F33ED]
	(No symbol) [0x000EFC4E]
	(No symbol) [0x000E60B2]
	(No symbol) [0x000E6F71]
	(No symbol) [0x000E6395]
	(No symbol) [0x000E56F8]
	(No symbol) [0x000E569A]
	(No symbol) [0x000E4413]
	(No symbol) [0x000E4AF8]
	(No symbol) [0x000F5193]
	(No symbol) [0x00155B61]
	(No symbol) [0x00142B5C]
	(No symbol) [0x001555CA]
	(No symbol) [0x00142956]
	(No symbol) [0x0011E17E]
	(No symbol) [0x0011F32D]
	GetHandleVerifier [0x00525AF9+2865305]
	GetHandleVerifier [0x0056E78B+3163435]
	GetHandleVerifier [0x00568441+3138017]
	GetHandleVerifier [0x002FE0F0+605840]
	(No symbol) [0x0020A64C]
	(No symbol) [0x00206638]
	(No symbol) [0x0020675F]
	(No symbol) [0x001F8DB7]
	BaseThreadInitThunk [0x75D6FCC9+25]
	RtlGetAppContainerNamedObjectPath [0x775A7C6E+286]
	RtlGetAppContainerNamedObjectPath [0x775A7C3E+238]
	(No symbol) [0x00000000]

2023-10-29 12:45:55,571 - __main__ - INFO - ---END---
2023-10-29 12:46:14,710 - __main__ - INFO - ---START---
2023-10-29 12:46:14,711 - __main__ - INFO - START loading config file
2023-10-29 12:46:14,711 - __main__ - INFO - END loading config file
2023-10-29 12:46:14,711 - __main__ - INFO - Create db connection
2023-10-29 12:46:14,711 - __main__ - INFO - Connected to db succesfully
2023-10-29 12:46:14,711 - proxy_scrapper - INFO - Scrapping proxy
2023-10-29 12:46:15,239 - proxy_scrapper - INFO - Proxy scrapped successfull
2023-10-29 12:46:15,241 - __main__ - INFO - proxy: ('43.157.10.238', '8888')
2023-10-29 12:46:23,976 - gmail functions - INFO - Creating mail account for profile: 727 Gryffon Yennefer 1981-12-27 M gryffon.yennefer.726
2023-10-29 12:46:24,407 - gmail functions - ERROR - Creation of new gmail acc failed: Message: unknown error: net::ERR_PROXY_CONNECTION_FAILED
  (Session info: chrome=118.0.5993.118)
Stacktrace:
	GetHandleVerifier [0x00474DE3+43907]
	(No symbol) [0x00400741]
	(No symbol) [0x002F33ED]
	(No symbol) [0x002EFC4E]
	(No symbol) [0x002E60B2]
	(No symbol) [0x002E6F71]
	(No symbol) [0x002E6395]
	(No symbol) [0x002E56F8]
	(No symbol) [0x002E569A]
	(No symbol) [0x002E4413]
	(No symbol) [0x002E4AF8]
	(No symbol) [0x002F5193]
	(No symbol) [0x00355B61]
	(No symbol) [0x00342B5C]
	(No symbol) [0x003555CA]
	(No symbol) [0x00342956]
	(No symbol) [0x0031E17E]
	(No symbol) [0x0031F32D]
	GetHandleVerifier [0x00725AF9+2865305]
	GetHandleVerifier [0x0076E78B+3163435]
	GetHandleVerifier [0x00768441+3138017]
	GetHandleVerifier [0x004FE0F0+605840]
	(No symbol) [0x0040A64C]
	(No symbol) [0x00406638]
	(No symbol) [0x0040675F]
	(No symbol) [0x003F8DB7]
	BaseThreadInitThunk [0x75D6FCC9+25]
	RtlGetAppContainerNamedObjectPath [0x775A7C6E+286]
	RtlGetAppContainerNamedObjectPath [0x775A7C3E+238]

2023-10-29 12:46:24,407 - __main__ - INFO - ---END---
2023-10-29 12:46:32,834 - __main__ - INFO - ---START---
2023-10-29 12:46:32,835 - __main__ - INFO - START loading config file
2023-10-29 12:46:32,835 - __main__ - INFO - END loading config file
2023-10-29 12:46:32,835 - __main__ - INFO - Create db connection
2023-10-29 12:46:32,835 - __main__ - INFO - Connected to db succesfully
2023-10-29 12:46:32,835 - proxy_scrapper - INFO - Scrapping proxy
2023-10-29 12:46:32,982 - proxy_scrapper - INFO - Proxy scrapped successfull
2023-10-29 12:46:32,984 - __main__ - INFO - proxy: ('43.157.10.238', '8888')
2023-10-29 12:47:06,667 - gmail functions - INFO - Creating mail account for profile: 413 Ysera Maelis 1981-02-16 F ysera.maelis.412
2023-10-29 12:47:07,173 - gmail functions - ERROR - Creation of new gmail acc failed: Message: unknown error: net::ERR_PROXY_CONNECTION_FAILED
  (Session info: chrome=118.0.5993.118)
Stacktrace:
	GetHandleVerifier [0x009F4DE3+43907]
	(No symbol) [0x00980741]
	(No symbol) [0x008733ED]
	(No symbol) [0x0086FC4E]
	(No symbol) [0x008660B2]
	(No symbol) [0x00866F71]
	(No symbol) [0x00866395]
	(No symbol) [0x008656F8]
	(No symbol) [0x0086569A]
	(No symbol) [0x00864413]
	(No symbol) [0x00864AF8]
	(No symbol) [0x00875193]
	(No symbol) [0x008D5B61]
	(No symbol) [0x008C2B5C]
	(No symbol) [0x008D55CA]
	(No symbol) [0x008C2956]
	(No symbol) [0x0089E17E]
	(No symbol) [0x0089F32D]
	GetHandleVerifier [0x00CA5AF9+2865305]
	GetHandleVerifier [0x00CEE78B+3163435]
	GetHandleVerifier [0x00CE8441+3138017]
	GetHandleVerifier [0x00A7E0F0+605840]
	(No symbol) [0x0098A64C]
	(No symbol) [0x00986638]
	(No symbol) [0x0098675F]
	(No symbol) [0x00978DB7]
	BaseThreadInitThunk [0x75D6FCC9+25]
	RtlGetAppContainerNamedObjectPath [0x775A7C6E+286]
	RtlGetAppContainerNamedObjectPath [0x775A7C3E+238]

2023-10-29 12:47:07,173 - __main__ - INFO - ---END---
2023-10-29 12:47:28,496 - __main__ - INFO - ---START---
2023-10-29 12:47:28,497 - __main__ - INFO - START loading config file
2023-10-29 12:47:28,497 - __main__ - INFO - END loading config file
2023-10-29 12:47:28,497 - __main__ - INFO - Create db connection
2023-10-29 12:47:28,498 - __main__ - INFO - Connected to db succesfully
2023-10-29 12:47:28,498 - proxy_scrapper - INFO - Scrapping proxy
2023-10-29 12:47:28,658 - proxy_scrapper - INFO - Proxy scrapped successfull
2023-10-29 12:47:28,659 - __main__ - INFO - proxy: ('43.157.10.238', '8888')
2023-10-29 12:48:02,450 - gmail functions - INFO - Creating mail account for profile: 114 Duskrunner Yennefer 1980-04-23 M duskrunner.yennefer.113
2023-10-29 12:48:02,858 - gmail functions - ERROR - Creation of new gmail acc failed: Message: unknown error: net::ERR_PROXY_CONNECTION_FAILED
  (Session info: chrome=118.0.5993.118)
Stacktrace:
	GetHandleVerifier [0x00AC4DE3+43907]
	(No symbol) [0x00A50741]
	(No symbol) [0x009433ED]
	(No symbol) [0x0093FC4E]
	(No symbol) [0x009360B2]
	(No symbol) [0x00936F71]
	(No symbol) [0x00936395]
	(No symbol) [0x009356F8]
	(No symbol) [0x0093569A]
	(No symbol) [0x00934413]
	(No symbol) [0x00934AF8]
	(No symbol) [0x00945193]
	(No symbol) [0x009A5B61]
	(No symbol) [0x00992B5C]
	(No symbol) [0x009A55CA]
	(No symbol) [0x00992956]
	(No symbol) [0x0096E17E]
	(No symbol) [0x0096F32D]
	GetHandleVerifier [0x00D75AF9+2865305]
	GetHandleVerifier [0x00DBE78B+3163435]
	GetHandleVerifier [0x00DB8441+3138017]
	GetHandleVerifier [0x00B4E0F0+605840]
	(No symbol) [0x00A5A64C]
	(No symbol) [0x00A56638]
	(No symbol) [0x00A5675F]
	(No symbol) [0x00A48DB7]
	BaseThreadInitThunk [0x75D6FCC9+25]
	RtlGetAppContainerNamedObjectPath [0x775A7C6E+286]
	RtlGetAppContainerNamedObjectPath [0x775A7C3E+238]

2023-10-29 12:48:02,859 - __main__ - INFO - ---END---
2023-10-29 13:23:25,844 - __main__ - INFO - ---START---
2023-10-29 13:23:25,845 - __main__ - INFO - START loading config file
2023-10-29 13:23:25,845 - __main__ - INFO - END loading config file
2023-10-29 13:23:25,845 - __main__ - INFO - Create db connection
2023-10-29 13:23:25,845 - __main__ - INFO - Connected to db succesfully
2023-10-29 13:24:18,643 - __main__ - INFO - ---START---
2023-10-29 13:24:18,644 - __main__ - INFO - START loading config file
2023-10-29 13:24:18,645 - __main__ - INFO - END loading config file
2023-10-29 13:24:18,647 - __main__ - INFO - Create db connection
2023-10-29 13:24:18,648 - __main__ - INFO - Connected to db succesfully
2023-10-29 13:24:51,050 - __main__ - INFO - ---START---
2023-10-29 13:24:51,050 - __main__ - INFO - START loading config file
2023-10-29 13:24:51,050 - __main__ - INFO - END loading config file
2023-10-29 13:24:51,051 - __main__ - INFO - Create db connection
2023-10-29 13:24:51,051 - __main__ - INFO - Connected to db succesfully
2023-10-29 13:25:47,976 - gmail functions - INFO - Creating mail account for profile: 214 Xanadu Tyrion 1980-08-01 M xanadu.tyrion.213
2023-10-29 13:25:54,323 - gmail functions - INFO - Filling name
2023-10-29 13:25:57,497 - gmail functions - ERROR - Creation of new gmail acc failed: Message: no such element: Unable to locate element: {"method":"xpath","selector":"//span[text()="alej"]"}
  (Session info: chrome=118.0.5993.118); For documentation on this error, please visit: https://www.selenium.dev/documentation/webdriver/troubleshooting/errors#no-such-element-exception
Stacktrace:
	GetHandleVerifier [0x00F64DE3+43907]
	(No symbol) [0x00EF0741]
	(No symbol) [0x00DE33ED]
	(No symbol) [0x00E16760]
	(No symbol) [0x00E16C2B]
	(No symbol) [0x00E46F62]
	(No symbol) [0x00E32BA4]
	(No symbol) [0x00E455CA]
	(No symbol) [0x00E32956]
	(No symbol) [0x00E0E17E]
	(No symbol) [0x00E0F32D]
	GetHandleVerifier [0x01215AF9+2865305]
	GetHandleVerifier [0x0125E78B+3163435]
	GetHandleVerifier [0x01258441+3138017]
	GetHandleVerifier [0x00FEE0F0+605840]
	(No symbol) [0x00EFA64C]
	(No symbol) [0x00EF6638]
	(No symbol) [0x00EF675F]
	(No symbol) [0x00EE8DB7]
	BaseThreadInitThunk [0x75D6FCC9+25]
	RtlGetAppContainerNamedObjectPath [0x775A7C6E+286]
	RtlGetAppContainerNamedObjectPath [0x775A7C3E+238]

2023-10-29 13:25:57,497 - __main__ - INFO - ---END---
2023-10-29 13:26:40,857 - __main__ - INFO - ---START---
2023-10-29 13:26:40,857 - __main__ - INFO - START loading config file
2023-10-29 13:26:40,858 - __main__ - INFO - END loading config file
2023-10-29 13:26:40,858 - __main__ - INFO - Create db connection
2023-10-29 13:26:40,858 - __main__ - INFO - Connected to db succesfully
2023-10-29 13:27:37,582 - gmail functions - INFO - Creating mail account for profile: 30 Duskrunner Astrid 1980-01-30 F duskrunner.astrid.29
2023-10-29 13:27:45,224 - gmail functions - INFO - Filling name
2023-10-29 13:27:49,987 - gmail functions - INFO - Filling birthdate
2023-10-29 13:27:57,937 - gmail functions - INFO - Filling email
2023-10-29 13:28:01,092 - gmail functions - INFO - Filling password
2023-10-29 13:28:15,858 - __main__ - INFO - ---END---
2023-10-29 13:29:44,323 - __main__ - INFO - ---START---
2023-10-29 13:29:44,324 - __main__ - INFO - START loading config file
2023-10-29 13:29:44,324 - __main__ - INFO - END loading config file
2023-10-29 13:29:44,324 - __main__ - INFO - Create db connection
2023-10-29 13:29:44,324 - __main__ - INFO - Connected to db succesfully
2023-10-29 13:30:06,157 - __main__ - INFO - ---START---
2023-10-29 13:30:06,157 - __main__ - INFO - START loading config file
2023-10-29 13:30:06,158 - __main__ - INFO - END loading config file
2023-10-29 13:30:06,158 - __main__ - INFO - Create db connection
2023-10-29 13:30:06,158 - __main__ - INFO - Connected to db succesfully
2023-10-29 13:31:01,889 - gmail functions - INFO - Creating mail account for profile: 789 Zephyra Yennefer 1982-02-27 M zephyra.yennefer.788
2023-10-29 13:31:07,677 - gmail functions - INFO - Filling name
2023-10-29 13:31:10,853 - gmail functions - ERROR - Creation of new gmail acc failed: Message: no such element: Unable to locate element: {"method":"xpath","selector":"//span[text()="Next"]"}
  (Session info: chrome=118.0.5993.118); For documentation on this error, please visit: https://www.selenium.dev/documentation/webdriver/troubleshooting/errors#no-such-element-exception
Stacktrace:
	GetHandleVerifier [0x01164DE3+43907]
	(No symbol) [0x010F0741]
	(No symbol) [0x00FE33ED]
	(No symbol) [0x01016760]
	(No symbol) [0x01016C2B]
	(No symbol) [0x01046F62]
	(No symbol) [0x01032BA4]
	(No symbol) [0x010455CA]
	(No symbol) [0x01032956]
	(No symbol) [0x0100E17E]
	(No symbol) [0x0100F32D]
	GetHandleVerifier [0x01415AF9+2865305]
	GetHandleVerifier [0x0145E78B+3163435]
	GetHandleVerifier [0x01458441+3138017]
	GetHandleVerifier [0x011EE0F0+605840]
	(No symbol) [0x010FA64C]
	(No symbol) [0x010F6638]
	(No symbol) [0x010F675F]
	(No symbol) [0x010E8DB7]
	BaseThreadInitThunk [0x75D6FCC9+25]
	RtlGetAppContainerNamedObjectPath [0x775A7C6E+286]
	RtlGetAppContainerNamedObjectPath [0x775A7C3E+238]

2023-10-29 13:31:10,854 - __main__ - INFO - ---END---
2023-10-29 13:31:54,211 - __main__ - INFO - ---START---
2023-10-29 13:31:54,211 - __main__ - INFO - START loading config file
2023-10-29 13:31:54,211 - __main__ - INFO - END loading config file
2023-10-29 13:31:54,211 - __main__ - INFO - Create db connection
2023-10-29 13:31:54,212 - __main__ - INFO - Connected to db succesfully
2023-10-29 13:32:50,415 - gmail functions - INFO - Creating mail account for profile: 113 Gryffon Tyrion 1980-04-22 F gryffon.tyrion.112
2023-10-29 13:32:56,167 - gmail functions - INFO - Filling name
2023-10-29 13:33:00,927 - gmail functions - INFO - Filling birthdate
2023-10-29 13:33:08,907 - gmail functions - INFO - Filling email
2023-10-29 13:33:12,060 - gmail functions - INFO - Filling password
2023-10-29 13:33:26,833 - __main__ - INFO - ---END---
2023-10-29 14:41:29,370 - __main__ - INFO - ---START---
2023-10-29 14:41:29,370 - __main__ - INFO - START loading config file
2023-10-29 14:41:29,371 - __main__ - INFO - END loading config file
2023-10-29 14:41:29,371 - __main__ - INFO - Create db connection
2023-10-29 14:41:29,372 - __main__ - INFO - Connected to db succesfully
2023-10-29 14:42:03,350 - gmail functions - INFO - Creating mail account for profile: 308 Vortex Zenobia 1980-11-03 M vortex.zenobia.307
2023-10-29 14:42:09,447 - gmail functions - INFO - Filling name
2023-10-29 14:42:14,200 - gmail functions - INFO - Filling birthdate
2023-10-29 14:42:22,197 - gmail functions - INFO - Filling email
2023-10-29 14:42:25,358 - gmail functions - INFO - Filling password
2023-10-29 14:42:40,136 - __main__ - INFO - ---END---
2023-10-29 14:45:53,144 - __main__ - INFO - ---START---
2023-10-29 14:45:53,145 - __main__ - INFO - START loading config file
2023-10-29 14:45:53,145 - __main__ - INFO - END loading config file
2023-10-29 14:45:53,145 - __main__ - INFO - Create db connection
2023-10-29 14:45:53,145 - __main__ - INFO - Connected to db succesfully
2023-10-29 14:45:53,145 - __main__ - INFO - Starting webdriver
2023-10-29 14:45:53,146 - __main__ - ERROR - WebDriver.__init__() got an unexpected keyword argument 'executable_path'
2023-10-29 14:47:10,502 - __main__ - INFO - ---START---
2023-10-29 14:47:10,502 - __main__ - INFO - START loading config file
2023-10-29 14:47:10,502 - __main__ - INFO - END loading config file
2023-10-29 14:47:10,503 - __main__ - INFO - Create db connection
2023-10-29 14:47:10,503 - __main__ - INFO - Connected to db succesfully
2023-10-29 14:47:10,503 - __main__ - INFO - Starting webdriver
2023-10-29 14:47:10,503 - __main__ - ERROR - WebDriver.__init__() got an unexpected keyword argument 'executable_path'
2023-10-29 14:48:06,543 - __main__ - INFO - ---START---
2023-10-29 14:48:06,543 - __main__ - INFO - START loading config file
2023-10-29 14:48:06,544 - __main__ - INFO - END loading config file
2023-10-29 14:48:06,544 - __main__ - INFO - Create db connection
2023-10-29 14:48:06,544 - __main__ - INFO - Connected to db succesfully
2023-10-29 14:48:06,544 - __main__ - INFO - Starting webdriver
2023-10-29 14:48:10,315 - __main__ - ERROR - Message: session not created: This version of ChromeDriver only supports Chrome version 112
Current browser version is 118.0.5993.118 with binary path C:\Program Files\Google\Chrome\Application\chrome.exe
Stacktrace:
Backtrace:
	GetHandleVerifier [0x00EBDCE3+50899]
	(No symbol) [0x00E4E111]
	(No symbol) [0x00D55588]
	(No symbol) [0x00D7570C]
	(No symbol) [0x00D71471]
	(No symbol) [0x00D6F479]
	(No symbol) [0x00DA1FFE]
	(No symbol) [0x00DA1CEC]
	(No symbol) [0x00D9B6F6]
	(No symbol) [0x00D77708]
	(No symbol) [0x00D7886D]
	GetHandleVerifier [0x01123EAE+2566302]
	GetHandleVerifier [0x011592B1+2784417]
	GetHandleVerifier [0x0115327C+2759788]
	GetHandleVerifier [0x00F55740+672048]
	(No symbol) [0x00E58872]
	(No symbol) [0x00E541C8]
	(No symbol) [0x00E542AB]
	(No symbol) [0x00E471B7]
	BaseThreadInitThunk [0x75D6FCC9+25]
	RtlGetAppContainerNamedObjectPath [0x775A7C6E+286]
	RtlGetAppContainerNamedObjectPath [0x775A7C3E+238]

2023-10-29 15:12:44,255 - __main__ - INFO - ---START---
2023-10-29 15:12:44,255 - __main__ - INFO - START loading config file
2023-10-29 15:12:44,256 - __main__ - INFO - END loading config file
2023-10-29 15:12:44,256 - __main__ - INFO - Create db connection
2023-10-29 15:12:44,256 - __main__ - INFO - Connected to db succesfully
2023-10-29 15:12:44,256 - __main__ - INFO - Starting webdriver
2023-10-29 15:13:19,516 - __main__ - INFO - ---START---
2023-10-29 15:13:19,516 - __main__ - INFO - START loading config file
2023-10-29 15:13:19,517 - __main__ - INFO - END loading config file
2023-10-29 15:13:19,517 - __main__ - INFO - Create db connection
2023-10-29 15:13:19,517 - __main__ - INFO - Connected to db succesfully
2023-10-29 15:13:19,517 - __main__ - INFO - Starting webdriver
2023-10-29 15:13:20,850 - gmail functions - INFO - Creating mail account for profile: 209 Zephyra Zenobia 1980-07-27 M zephyra.zenobia.208
2023-10-29 15:13:26,195 - gmail functions - INFO - Filling name
2023-10-29 15:13:30,969 - gmail functions - INFO - Filling birthdate
2023-10-29 15:13:38,980 - gmail functions - INFO - Filling email
2023-10-29 15:13:42,125 - gmail functions - INFO - Filling password
2023-10-29 15:13:56,953 - __main__ - INFO - ---END---
2023-10-29 15:28:15,534 - __main__ - INFO - ---START---
2023-10-29 15:28:15,534 - __main__ - INFO - START loading config file
2023-10-29 15:28:15,534 - __main__ - INFO - END loading config file
2023-10-29 15:28:15,534 - __main__ - INFO - Create db connection
2023-10-29 15:28:15,535 - __main__ - INFO - Connected to db succesfully
2023-10-29 15:28:15,535 - __main__ - INFO - Starting webdriver
2023-10-29 15:28:19,168 - __main__ - ERROR - Message: session not created: This version of ChromeDriver only supports Chrome version 103
Current browser version is 118.0.5993.118 with binary path C:\Program Files (x86)\Google\Chrome\Application\chrome.exe
Stacktrace:
Backtrace:
	Ordinal0 [0x01006463+2188387]
	Ordinal0 [0x00F9E461+1762401]
	Ordinal0 [0x00EB3D78+802168]
	Ordinal0 [0x00ED4E59+937561]
	Ordinal0 [0x00ED0A6C+920172]
	Ordinal0 [0x00ECE331+910129]
	Ordinal0 [0x00F01430+1119280]
	Ordinal0 [0x00F0108A+1118346]
	Ordinal0 [0x00EFC5F6+1099254]
	Ordinal0 [0x00ED6BE0+945120]
	Ordinal0 [0x00ED7AD6+948950]
	GetHandleVerifier [0x012A71F2+2712546]
	GetHandleVerifier [0x0129886D+2652765]
	GetHandleVerifier [0x0109002A+520730]
	GetHandleVerifier [0x0108EE06+516086]
	Ordinal0 [0x00FA468B+1787531]
	Ordinal0 [0x00FA8E88+1805960]
	Ordinal0 [0x00FA8F75+1806197]
	Ordinal0 [0x00FB1DF1+1842673]
	BaseThreadInitThunk [0x75D6FCC9+25]
	RtlGetAppContainerNamedObjectPath [0x775A7C6E+286]
	RtlGetAppContainerNamedObjectPath [0x775A7C3E+238]

2023-10-29 15:37:11,380 - __main__ - INFO - ---START---
2023-10-29 15:37:11,380 - __main__ - INFO - START loading config file
2023-10-29 15:37:11,381 - __main__ - INFO - END loading config file
2023-10-29 15:37:11,381 - __main__ - INFO - Create db connection
2023-10-29 15:37:11,381 - __main__ - INFO - Connected to db succesfully
2023-10-29 15:37:11,381 - __main__ - INFO - Starting webdriver
2023-10-29 15:37:12,954 - __main__ - ERROR - Message: invalid argument
  (Session info: chrome=103.0.5060.66)
Stacktrace:
Backtrace:
	Ordinal0 [0x01006463+2188387]
	Ordinal0 [0x00F9E461+1762401]
	Ordinal0 [0x00EB3C40+801856]
	Ordinal0 [0x00EA62D9+746201]
	Ordinal0 [0x00EA4E3A+740922]
	Ordinal0 [0x00EA50FD+741629]
	Ordinal0 [0x00EB5544+808260]
	Ordinal0 [0x00F0D2DD+1168093]
	Ordinal0 [0x00EFC7DC+1099740]
	Ordinal0 [0x00F0CC22+1166370]
	Ordinal0 [0x00EFC5F6+1099254]
	Ordinal0 [0x00ED6BE0+945120]
	Ordinal0 [0x00ED7AD6+948950]
	GetHandleVerifier [0x012A71F2+2712546]
	GetHandleVerifier [0x0129886D+2652765]
	GetHandleVerifier [0x0109002A+520730]
	GetHandleVerifier [0x0108EE06+516086]
	Ordinal0 [0x00FA468B+1787531]
	Ordinal0 [0x00FA8E88+1805960]
	Ordinal0 [0x00FA8F75+1806197]
	Ordinal0 [0x00FB1DF1+1842673]
	BaseThreadInitThunk [0x75D6FCC9+25]
	RtlGetAppContainerNamedObjectPath [0x775A7C6E+286]
	RtlGetAppContainerNamedObjectPath [0x775A7C3E+238]

2023-10-29 15:37:59,641 - __main__ - INFO - ---START---
2023-10-29 15:37:59,641 - __main__ - INFO - START loading config file
2023-10-29 15:37:59,642 - __main__ - INFO - END loading config file
2023-10-29 15:37:59,642 - __main__ - INFO - Create db connection
2023-10-29 15:37:59,642 - __main__ - INFO - Connected to db succesfully
2023-10-29 15:37:59,642 - __main__ - INFO - Starting webdriver
2023-10-29 15:38:01,260 - __main__ - ERROR - Message: invalid argument
  (Session info: chrome=103.0.5060.66)
Stacktrace:
Backtrace:
	Ordinal0 [0x01006463+2188387]
	Ordinal0 [0x00F9E461+1762401]
	Ordinal0 [0x00EB3C40+801856]
	Ordinal0 [0x00EA62D9+746201]
	Ordinal0 [0x00EA4E3A+740922]
	Ordinal0 [0x00EA50FD+741629]
	Ordinal0 [0x00EB5544+808260]
	Ordinal0 [0x00F0D2DD+1168093]
	Ordinal0 [0x00EFC7DC+1099740]
	Ordinal0 [0x00F0CC22+1166370]
	Ordinal0 [0x00EFC5F6+1099254]
	Ordinal0 [0x00ED6BE0+945120]
	Ordinal0 [0x00ED7AD6+948950]
	GetHandleVerifier [0x012A71F2+2712546]
	GetHandleVerifier [0x0129886D+2652765]
	GetHandleVerifier [0x0109002A+520730]
	GetHandleVerifier [0x0108EE06+516086]
	Ordinal0 [0x00FA468B+1787531]
	Ordinal0 [0x00FA8E88+1805960]
	Ordinal0 [0x00FA8F75+1806197]
	Ordinal0 [0x00FB1DF1+1842673]
	BaseThreadInitThunk [0x75D6FCC9+25]
	RtlGetAppContainerNamedObjectPath [0x775A7C6E+286]
	RtlGetAppContainerNamedObjectPath [0x775A7C3E+238]

2023-10-29 15:38:11,866 - __main__ - INFO - ---START---
2023-10-29 15:38:11,866 - __main__ - INFO - START loading config file
2023-10-29 15:38:11,867 - __main__ - INFO - END loading config file
2023-10-29 15:38:11,867 - __main__ - INFO - Create db connection
2023-10-29 15:38:11,867 - __main__ - INFO - Connected to db succesfully
2023-10-29 15:38:11,867 - __main__ - INFO - Starting webdriver
2023-10-29 15:38:13,385 - __main__ - ERROR - Message: invalid argument
  (Session info: chrome=103.0.5060.66)
Stacktrace:
Backtrace:
	Ordinal0 [0x01006463+2188387]
	Ordinal0 [0x00F9E461+1762401]
	Ordinal0 [0x00EB3C40+801856]
	Ordinal0 [0x00EA62D9+746201]
	Ordinal0 [0x00EA4E3A+740922]
	Ordinal0 [0x00EA50FD+741629]
	Ordinal0 [0x00EB5544+808260]
	Ordinal0 [0x00F0D2DD+1168093]
	Ordinal0 [0x00EFC7DC+1099740]
	Ordinal0 [0x00F0CC22+1166370]
	Ordinal0 [0x00EFC5F6+1099254]
	Ordinal0 [0x00ED6BE0+945120]
	Ordinal0 [0x00ED7AD6+948950]
	GetHandleVerifier [0x012A71F2+2712546]
	GetHandleVerifier [0x0129886D+2652765]
	GetHandleVerifier [0x0109002A+520730]
	GetHandleVerifier [0x0108EE06+516086]
	Ordinal0 [0x00FA468B+1787531]
	Ordinal0 [0x00FA8E88+1805960]
	Ordinal0 [0x00FA8F75+1806197]
	Ordinal0 [0x00FB1DF1+1842673]
	BaseThreadInitThunk [0x75D6FCC9+25]
	RtlGetAppContainerNamedObjectPath [0x775A7C6E+286]
	RtlGetAppContainerNamedObjectPath [0x775A7C3E+238]

2023-10-29 15:38:19,890 - __main__ - INFO - ---START---
2023-10-29 15:38:19,891 - __main__ - INFO - START loading config file
2023-10-29 15:38:19,891 - __main__ - INFO - END loading config file
2023-10-29 15:38:19,891 - __main__ - INFO - Create db connection
2023-10-29 15:38:19,892 - __main__ - INFO - Connected to db succesfully
2023-10-29 15:38:19,892 - __main__ - INFO - Starting webdriver
2023-10-29 15:38:25,410 - __main__ - ERROR - Message: session not created: This version of ChromeDriver only supports Chrome version 103
Current browser version is 118.0.5993.118 with binary path C:\Program Files (x86)\Google\Chrome\Application\chrome.exe
Stacktrace:
Backtrace:
	Ordinal0 [0x01006463+2188387]
	Ordinal0 [0x00F9E461+1762401]
	Ordinal0 [0x00EB3D78+802168]
	Ordinal0 [0x00ED4E59+937561]
	Ordinal0 [0x00ED0A6C+920172]
	Ordinal0 [0x00ECE331+910129]
	Ordinal0 [0x00F01430+1119280]
	Ordinal0 [0x00F0108A+1118346]
	Ordinal0 [0x00EFC5F6+1099254]
	Ordinal0 [0x00ED6BE0+945120]
	Ordinal0 [0x00ED7AD6+948950]
	GetHandleVerifier [0x012A71F2+2712546]
	GetHandleVerifier [0x0129886D+2652765]
	GetHandleVerifier [0x0109002A+520730]
	GetHandleVerifier [0x0108EE06+516086]
	Ordinal0 [0x00FA468B+1787531]
	Ordinal0 [0x00FA8E88+1805960]
	Ordinal0 [0x00FA8F75+1806197]
	Ordinal0 [0x00FB1DF1+1842673]
	BaseThreadInitThunk [0x75D6FCC9+25]
	RtlGetAppContainerNamedObjectPath [0x775A7C6E+286]
	RtlGetAppContainerNamedObjectPath [0x775A7C3E+238]

2023-10-29 16:11:46,466 - __main__ - INFO - ---START---
2023-10-29 16:11:46,467 - __main__ - INFO - START loading config file
2023-10-29 16:11:46,467 - __main__ - INFO - END loading config file
2023-10-29 16:11:46,467 - __main__ - INFO - Create db connection
2023-10-29 16:11:46,470 - __main__ - INFO - Connected to db succesfully
2023-10-29 16:11:46,470 - __main__ - INFO - Starting webdriver
2023-10-29 16:11:53,504 - __main__ - ERROR - Message: invalid argument: user data directory is already in use, please specify a unique value for --user-data-dir argument, or don't use --user-data-dir
Stacktrace:
Backtrace:
	Ordinal0 [0x00D56463+2188387]
	Ordinal0 [0x00CEE461+1762401]
	Ordinal0 [0x00C03D78+802168]
	Ordinal0 [0x00C21BC2+924610]
	Ordinal0 [0x00C1E331+910129]
	Ordinal0 [0x00C51430+1119280]
	Ordinal0 [0x00C5108A+1118346]
	Ordinal0 [0x00C4C5F6+1099254]
	Ordinal0 [0x00C26BE0+945120]
	Ordinal0 [0x00C27AD6+948950]
	GetHandleVerifier [0x00FF71F2+2712546]
	GetHandleVerifier [0x00FE886D+2652765]
	GetHandleVerifier [0x00DE002A+520730]
	GetHandleVerifier [0x00DDEE06+516086]
	Ordinal0 [0x00CF468B+1787531]
	Ordinal0 [0x00CF8E88+1805960]
	Ordinal0 [0x00CF8F75+1806197]
	Ordinal0 [0x00D01DF1+1842673]
	BaseThreadInitThunk [0x767AFCC9+25]
	RtlGetAppContainerNamedObjectPath [0x777D7C6E+286]
	RtlGetAppContainerNamedObjectPath [0x777D7C3E+238]

2023-10-29 16:12:04,560 - __main__ - INFO - ---START---
2023-10-29 16:12:04,560 - __main__ - INFO - START loading config file
2023-10-29 16:12:04,560 - __main__ - INFO - END loading config file
2023-10-29 16:12:04,560 - __main__ - INFO - Create db connection
2023-10-29 16:12:04,560 - __main__ - INFO - Connected to db succesfully
2023-10-29 16:12:04,561 - __main__ - INFO - Starting webdriver
2023-10-29 16:12:05,812 - gmail functions - INFO - Creating mail account for profile: 285 Pyre Branwen 1980-10-11 F pyre.branwen.284
2023-10-29 16:12:16,498 - gmail functions - INFO - Filling name
2023-10-29 16:12:21,277 - gmail functions - INFO - Filling birthdate
2023-10-29 16:12:29,286 - gmail functions - INFO - Filling email
2023-10-29 16:12:32,440 - gmail functions - INFO - Filling password
2023-10-29 16:12:47,234 - __main__ - INFO - ---END---
2023-10-29 16:38:42,197 - __main__ - INFO - ---START---
2023-10-29 16:38:42,197 - __main__ - INFO - START loading config file
2023-10-29 16:38:42,197 - __main__ - INFO - END loading config file
2023-10-29 16:38:42,197 - __main__ - INFO - Create db connection
2023-10-29 16:38:42,198 - __main__ - INFO - Connected to db succesfully
2023-10-29 16:38:42,199 - __main__ - INFO - Starting webdriver
2023-10-29 17:39:28,590 - __main__ - INFO - ---START---
2023-10-29 17:39:28,590 - __main__ - INFO - START loading config file
2023-10-29 17:39:28,591 - __main__ - INFO - END loading config file
2023-10-29 17:39:28,591 - __main__ - INFO - Create db connection
2023-10-29 17:39:28,592 - __main__ - INFO - Connected to db succesfully
2023-10-29 17:39:28,592 - __main__ - INFO - Starting webdriver
2023-10-29 17:39:32,002 - __main__ - ERROR - Message: session not created: This version of ChromeDriver only supports Chrome version 103
Current browser version is 118.0.5993.118 with binary path C:\Program Files\Google\Chrome\Application\chrome.exe
Stacktrace:
Backtrace:
	Ordinal0 [0x00436463+2188387]
	Ordinal0 [0x003CE461+1762401]
	Ordinal0 [0x002E3D78+802168]
	Ordinal0 [0x00304E59+937561]
	Ordinal0 [0x00300A6C+920172]
	Ordinal0 [0x002FE331+910129]
	Ordinal0 [0x00331430+1119280]
	Ordinal0 [0x0033108A+1118346]
	Ordinal0 [0x0032C5F6+1099254]
	Ordinal0 [0x00306BE0+945120]
	Ordinal0 [0x00307AD6+948950]
	GetHandleVerifier [0x006D71F2+2712546]
	GetHandleVerifier [0x006C886D+2652765]
	GetHandleVerifier [0x004C002A+520730]
	GetHandleVerifier [0x004BEE06+516086]
	Ordinal0 [0x003D468B+1787531]
	Ordinal0 [0x003D8E88+1805960]
	Ordinal0 [0x003D8F75+1806197]
	Ordinal0 [0x003E1DF1+1842673]
	BaseThreadInitThunk [0x767AFCC9+25]
	RtlGetAppContainerNamedObjectPath [0x777D7C6E+286]
	RtlGetAppContainerNamedObjectPath [0x777D7C3E+238]

2023-10-29 17:41:50,584 - __main__ - INFO - ---START---
2023-10-29 17:41:50,585 - __main__ - INFO - START loading config file
2023-10-29 17:41:50,585 - __main__ - INFO - END loading config file
2023-10-29 17:41:50,585 - __main__ - INFO - Create db connection
2023-10-29 17:41:50,585 - __main__ - INFO - Connected to db succesfully
2023-10-29 17:41:50,585 - __main__ - INFO - Starting webdriver
2023-10-29 17:42:20,075 - __main__ - INFO - ---START---
2023-10-29 17:42:20,075 - __main__ - INFO - START loading config file
2023-10-29 17:42:20,075 - __main__ - INFO - END loading config file
2023-10-29 17:42:20,075 - __main__ - INFO - Create db connection
2023-10-29 17:42:20,076 - __main__ - INFO - Connected to db succesfully
2023-10-29 17:42:20,076 - __main__ - INFO - Starting webdriver
2023-10-29 17:42:29,459 - __main__ - INFO - ---START---
2023-10-29 17:42:29,459 - __main__ - INFO - START loading config file
2023-10-29 17:42:29,459 - __main__ - INFO - END loading config file
2023-10-29 17:42:29,459 - __main__ - INFO - Create db connection
2023-10-29 17:42:29,459 - __main__ - INFO - Connected to db succesfully
2023-10-29 17:42:29,460 - __main__ - INFO - Starting webdriver
2023-10-29 17:43:27,270 - __main__ - INFO - ---START---
2023-10-29 17:43:27,270 - __main__ - INFO - START loading config file
2023-10-29 17:43:27,270 - __main__ - INFO - END loading config file
2023-10-29 17:43:27,271 - __main__ - INFO - Create db connection
2023-10-29 17:43:27,271 - __main__ - INFO - Connected to db succesfully
2023-10-29 17:43:27,271 - __main__ - INFO - Starting webdriver
2023-10-29 17:43:55,395 - gmail functions - INFO - Creating mail account for profile: 727 Gryffon Yennefer 1981-12-27 M gryffon.yennefer.726
2023-10-29 17:44:06,187 - gmail functions - INFO - Filling name
2023-10-29 17:44:10,933 - gmail functions - INFO - Filling birthdate
2023-10-29 17:44:18,976 - gmail functions - INFO - Filling email
2023-10-29 17:44:22,132 - gmail functions - INFO - Filling password
2023-10-29 17:44:36,930 - __main__ - INFO - ---END---
2023-10-29 17:45:02,480 - __main__ - INFO - ---START---
2023-10-29 17:45:02,480 - __main__ - INFO - START loading config file
2023-10-29 17:45:02,481 - __main__ - INFO - END loading config file
2023-10-29 17:45:02,481 - __main__ - INFO - Create db connection
2023-10-29 17:45:02,481 - __main__ - INFO - Connected to db succesfully
2023-10-29 17:45:02,481 - __main__ - INFO - Starting webdriver
2023-10-29 17:45:28,945 - gmail functions - INFO - Creating mail account for profile: 741 Zephyr Branwen 1982-01-10 F zephyr.branwen.740
2023-10-29 17:45:39,565 - gmail functions - INFO - Filling name
2023-10-29 17:45:44,392 - gmail functions - INFO - Filling birthdate
2023-10-29 17:45:52,398 - gmail functions - INFO - Filling email
2023-10-29 17:45:55,596 - gmail functions - INFO - Filling password
2023-10-29 17:46:10,399 - __main__ - INFO - ---END---
2023-10-29 17:46:57,124 - __main__ - INFO - ---START---
2023-10-29 17:46:57,124 - __main__ - INFO - START loading config file
2023-10-29 17:46:57,124 - __main__ - INFO - END loading config file
2023-10-29 17:46:57,125 - __main__ - INFO - Create db connection
2023-10-29 17:46:57,125 - __main__ - INFO - Connected to db succesfully
2023-10-29 17:46:57,125 - __main__ - INFO - Starting webdriver
2023-10-29 17:47:47,527 - __main__ - ERROR - Message: session not created: Chrome failed to start: exited normally.
  (session not created: DevToolsActivePort file doesn't exist)
  (The process started from chrome location C:\Program Files\Google\Chrome\Application\chrome.exe is no longer running, so ChromeDriver is assuming that Chrome has crashed.)
Stacktrace:
	GetHandleVerifier [0x00D64DE3+43907]
	(No symbol) [0x00CF0741]
	(No symbol) [0x00BE33ED]
	(No symbol) [0x00C08BF5]
	(No symbol) [0x00C05190]
	(No symbol) [0x00C39396]
	(No symbol) [0x00C38F2C]
	(No symbol) [0x00C32956]
	(No symbol) [0x00C0E17E]
	(No symbol) [0x00C0F32D]
	GetHandleVerifier [0x01015AF9+2865305]
	GetHandleVerifier [0x0105E78B+3163435]
	GetHandleVerifier [0x01058441+3138017]
	GetHandleVerifier [0x00DEE0F0+605840]
	(No symbol) [0x00CFA64C]
	(No symbol) [0x00CF6638]
	(No symbol) [0x00CF675F]
	(No symbol) [0x00CE8DB7]
	BaseThreadInitThunk [0x767AFCC9+25]
	RtlGetAppContainerNamedObjectPath [0x777D7C6E+286]
	RtlGetAppContainerNamedObjectPath [0x777D7C3E+238]

2023-10-29 17:48:24,040 - __main__ - INFO - ---START---
2023-10-29 17:48:24,040 - __main__ - INFO - START loading config file
2023-10-29 17:48:24,040 - __main__ - INFO - END loading config file
2023-10-29 17:48:24,040 - __main__ - INFO - Create db connection
2023-10-29 17:48:24,041 - __main__ - INFO - Connected to db succesfully
2023-10-29 17:48:24,041 - __main__ - INFO - Starting webdriver
2023-10-29 17:49:13,207 - __main__ - ERROR - Message: session not created: Chrome failed to start: exited normally.
  (session not created: DevToolsActivePort file doesn't exist)
  (The process started from chrome location C:\Program Files\Google\Chrome\Application\chrome.exe is no longer running, so ChromeDriver is assuming that Chrome has crashed.)
Stacktrace:
	GetHandleVerifier [0x00DB4DE3+43907]
	(No symbol) [0x00D40741]
	(No symbol) [0x00C333ED]
	(No symbol) [0x00C58BF5]
	(No symbol) [0x00C55190]
	(No symbol) [0x00C89396]
	(No symbol) [0x00C88F2C]
	(No symbol) [0x00C82956]
	(No symbol) [0x00C5E17E]
	(No symbol) [0x00C5F32D]
	GetHandleVerifier [0x01065AF9+2865305]
	GetHandleVerifier [0x010AE78B+3163435]
	GetHandleVerifier [0x010A8441+3138017]
	GetHandleVerifier [0x00E3E0F0+605840]
	(No symbol) [0x00D4A64C]
	(No symbol) [0x00D46638]
	(No symbol) [0x00D4675F]
	(No symbol) [0x00D38DB7]
	BaseThreadInitThunk [0x767AFCC9+25]
	RtlGetAppContainerNamedObjectPath [0x777D7C6E+286]
	RtlGetAppContainerNamedObjectPath [0x777D7C3E+238]

2023-10-29 17:50:10,694 - __main__ - INFO - ---START---
2023-10-29 17:50:10,694 - __main__ - INFO - START loading config file
2023-10-29 17:50:10,694 - __main__ - INFO - END loading config file
2023-10-29 17:50:10,694 - __main__ - INFO - Create db connection
2023-10-29 17:50:10,695 - __main__ - INFO - Connected to db succesfully
2023-10-29 17:50:10,695 - __main__ - INFO - Starting webdriver
2023-10-29 17:50:37,183 - gmail functions - INFO - Creating mail account for profile: 211 Ysera Oberyn 1980-07-29 F ysera.oberyn.210
2023-10-29 17:50:47,925 - gmail functions - INFO - Filling name
2023-10-29 17:50:52,716 - gmail functions - INFO - Filling birthdate
2023-10-29 17:51:00,731 - gmail functions - INFO - Filling email
2023-10-29 17:51:03,887 - gmail functions - INFO - Filling password
2023-10-29 17:51:18,695 - __main__ - INFO - ---END---
2023-10-29 17:52:42,513 - __main__ - INFO - ---START---
2023-10-29 17:52:42,513 - __main__ - INFO - START loading config file
2023-10-29 17:52:42,513 - __main__ - INFO - END loading config file
2023-10-29 17:52:42,514 - __main__ - INFO - Create db connection
2023-10-29 17:52:42,514 - __main__ - INFO - Connected to db succesfully
2023-10-29 17:52:42,515 - __main__ - INFO - Starting webdriver
2023-10-29 17:53:19,455 - gmail functions - INFO - Creating mail account for profile: 92 Celestia Maelis 1980-04-01 M celestia.maelis.91
2023-10-29 17:53:29,838 - gmail functions - INFO - Filling name
2023-10-29 17:53:34,579 - gmail functions - INFO - Filling birthdate
2023-10-29 17:53:42,541 - gmail functions - INFO - Filling email
2023-10-29 17:53:45,701 - gmail functions - INFO - Filling password
2023-10-29 17:54:00,500 - __main__ - INFO - ---END---
2023-10-29 17:55:13,429 - __main__ - INFO - ---START---
2023-10-29 17:55:13,429 - __main__ - INFO - START loading config file
2023-10-29 17:55:13,429 - __main__ - INFO - END loading config file
2023-10-29 17:55:13,429 - __main__ - INFO - Create db connection
2023-10-29 17:55:13,430 - __main__ - INFO - Connected to db succesfully
2023-10-29 17:55:13,430 - __main__ - INFO - Starting webdriver
2023-10-29 17:55:19,809 - __main__ - ERROR - Message: invalid argument
  (Session info: chrome=118.0.5993.118)
Stacktrace:
	GetHandleVerifier [0x006F4DE3+43907]
	(No symbol) [0x00680741]
	(No symbol) [0x005732B0]
	(No symbol) [0x00565BE4]
	(No symbol) [0x0056450F]
	(No symbol) [0x00564AF8]
	(No symbol) [0x00575193]
	(No symbol) [0x005D5B61]
	(No symbol) [0x005C2B5C]
	(No symbol) [0x005D55CA]
	(No symbol) [0x005C2956]
	(No symbol) [0x0059E17E]
	(No symbol) [0x0059F32D]
	GetHandleVerifier [0x009A5AF9+2865305]
	GetHandleVerifier [0x009EE78B+3163435]
	GetHandleVerifier [0x009E8441+3138017]
	GetHandleVerifier [0x0077E0F0+605840]
	(No symbol) [0x0068A64C]
	(No symbol) [0x00686638]
	(No symbol) [0x0068675F]
	(No symbol) [0x00678DB7]
	BaseThreadInitThunk [0x767AFCC9+25]
	RtlGetAppContainerNamedObjectPath [0x777D7C6E+286]
	RtlGetAppContainerNamedObjectPath [0x777D7C3E+238]

2023-10-29 17:55:57,278 - __main__ - INFO - ---START---
2023-10-29 17:55:57,279 - __main__ - INFO - START loading config file
2023-10-29 17:55:57,279 - __main__ - INFO - END loading config file
2023-10-29 17:55:57,279 - __main__ - INFO - Create db connection
2023-10-29 17:55:57,279 - __main__ - INFO - Connected to db succesfully
2023-10-29 17:55:57,280 - __main__ - INFO - Starting webdriver
2023-10-29 17:56:02,654 - __main__ - ERROR - Message: invalid argument
  (Session info: chrome=118.0.5993.118)
Stacktrace:
	GetHandleVerifier [0x00404DE3+43907]
	(No symbol) [0x00390741]
	(No symbol) [0x002832B0]
	(No symbol) [0x00275BE4]
	(No symbol) [0x0027450F]
	(No symbol) [0x00274AF8]
	(No symbol) [0x00285193]
	(No symbol) [0x002E5B61]
	(No symbol) [0x002D2B5C]
	(No symbol) [0x002E55CA]
	(No symbol) [0x002D2956]
	(No symbol) [0x002AE17E]
	(No symbol) [0x002AF32D]
	GetHandleVerifier [0x006B5AF9+2865305]
	GetHandleVerifier [0x006FE78B+3163435]
	GetHandleVerifier [0x006F8441+3138017]
	GetHandleVerifier [0x0048E0F0+605840]
	(No symbol) [0x0039A64C]
	(No symbol) [0x00396638]
	(No symbol) [0x0039675F]
	(No symbol) [0x00388DB7]
	BaseThreadInitThunk [0x767AFCC9+25]
	RtlGetAppContainerNamedObjectPath [0x777D7C6E+286]
	RtlGetAppContainerNamedObjectPath [0x777D7C3E+238]

2023-10-29 17:56:23,765 - __main__ - INFO - ---START---
2023-10-29 17:56:23,765 - __main__ - INFO - START loading config file
2023-10-29 17:56:23,765 - __main__ - INFO - END loading config file
2023-10-29 17:56:23,766 - __main__ - INFO - Create db connection
2023-10-29 17:56:23,766 - __main__ - INFO - Connected to db succesfully
2023-10-29 17:56:23,766 - __main__ - INFO - Starting webdriver
2023-10-29 17:56:40,325 - gmail functions - INFO - Creating mail account for profile: 595 Quill Oberyn 1981-08-17 M quill.oberyn.594
2023-10-30 12:36:57,624 - __main__ - INFO - ---START---
2023-10-30 12:36:57,625 - __main__ - INFO - START loading config file
2023-10-30 12:36:57,626 - __main__ - INFO - END loading config file
2023-10-30 12:36:57,627 - __main__ - INFO - Create db connection
2023-10-30 12:36:57,632 - __main__ - INFO - Connected to db succesfully
2023-10-30 12:36:57,632 - __main__ - INFO - Starting webdriver
2023-10-30 12:37:22,549 - azet functions - INFO - START create_new_acc
2023-10-30 12:37:22,555 - azet functions - INFO - Creating mail account for profile: id:135 first_name:Eirwen last_name:Galen date_of_birth:1980-05-14 gender:M nickname:eirwen.galen.134
2023-10-30 12:37:39,880 - __main__ - ERROR - Error while creating azet acc: Message: invalid selector: An invalid or illegal selector was specified
  (Session info: chrome=118.0.5993.118); For documentation on this error, please visit: https://www.selenium.dev/documentation/webdriver/troubleshooting/errors#invalid-selector-exception
Stacktrace:
	GetHandleVerifier [0x00E24DE3+43907]
	(No symbol) [0x00DB0741]
	(No symbol) [0x00CA33ED]
	(No symbol) [0x00CA6F6D]
	(No symbol) [0x00CA879A]
	(No symbol) [0x00CA8840]
	(No symbol) [0x00CD68C7]
	(No symbol) [0x00CD6C2B]
	(No symbol) [0x00D06F62]
	(No symbol) [0x00CF2BA4]
	(No symbol) [0x00D055CA]
	(No symbol) [0x00CF2956]
	(No symbol) [0x00CCE17E]
	(No symbol) [0x00CCF32D]
	GetHandleVerifier [0x010D5AF9+2865305]
	GetHandleVerifier [0x0111E78B+3163435]
	GetHandleVerifier [0x01118441+3138017]
	GetHandleVerifier [0x00EAE0F0+605840]
	(No symbol) [0x00DBA64C]
	(No symbol) [0x00DB6638]
	(No symbol) [0x00DB675F]
	(No symbol) [0x00DA8DB7]
	BaseThreadInitThunk [0x763CFCC9+25]
	RtlGetAppContainerNamedObjectPath [0x77D47C6E+286]
	RtlGetAppContainerNamedObjectPath [0x77D47C3E+238]

2023-10-30 12:45:37,816 - __main__ - INFO - ---START---
2023-10-30 12:45:37,817 - __main__ - INFO - START loading config file
2023-10-30 12:45:37,817 - __main__ - INFO - END loading config file
2023-10-30 12:45:37,818 - __main__ - INFO - Create db connection
2023-10-30 12:45:37,818 - __main__ - INFO - Connected to db succesfully
2023-10-30 12:45:37,819 - __main__ - INFO - Starting webdriver
2023-10-30 12:46:00,851 - azet functions - INFO - START create_new_acc
2023-10-30 12:46:00,852 - azet functions - INFO - Creating mail account for profile: id:528 first_name:Thaladred last_name:Lyra date_of_birth:1981-06-11 gender:F nickname:thaladred.lyra.527
2023-10-30 12:46:07,890 - azet functions - INFO - Looking for cookies
2023-10-30 12:46:13,072 - azet functions - INFO - Opening mail button
2023-10-30 12:46:14,155 - __main__ - ERROR - Error while creating azet acc: Message: element click intercepted: Element <span type="fs5-semibold" class="sc-gsnTZi jabWSH">...</span> is not clickable at point (1406, 70). Other element would receive the click: <iframe src="https://privacy.azet.sk/index.html?message_id=717181&amp;consentUUID=null&amp;requestUUID=d0fd5a85-85fe-401d-9a41-4c15dab03f65&amp;preload_message=true&amp;hasCsp=true&amp;version=v1&amp;consentLanguage=sk" id="sp_message_iframe_717181" title="SP Consent Message"></iframe>
  (Session info: chrome=118.0.5993.118)
Stacktrace:
	GetHandleVerifier [0x00007FF6AC498EF2+54786]
	(No symbol) [0x00007FF6AC405612]
	(No symbol) [0x00007FF6AC2BA64B]
	(No symbol) [0x00007FF6AC301A6B]
	(No symbol) [0x00007FF6AC2FFE39]
	(No symbol) [0x00007FF6AC2FDC08]
	(No symbol) [0x00007FF6AC2FCCC3]
	(No symbol) [0x00007FF6AC2F29CF]
	(No symbol) [0x00007FF6AC31BE6A]
	(No symbol) [0x00007FF6AC2F22E6]
	(No symbol) [0x00007FF6AC31C080]
	(No symbol) [0x00007FF6AC334D02]
	(No symbol) [0x00007FF6AC31BC43]
	(No symbol) [0x00007FF6AC2F0941]
	(No symbol) [0x00007FF6AC2F1B84]
	GetHandleVerifier [0x00007FF6AC7E7F52+3524194]
	GetHandleVerifier [0x00007FF6AC83D800+3874576]
	GetHandleVerifier [0x00007FF6AC835D7F+3843215]
	GetHandleVerifier [0x00007FF6AC535086+694166]
	(No symbol) [0x00007FF6AC410A88]
	(No symbol) [0x00007FF6AC40CA94]
	(No symbol) [0x00007FF6AC40CBC2]
	(No symbol) [0x00007FF6AC3FCC83]
	BaseThreadInitThunk [0x00007FFA3B987344+20]
	RtlUserThreadStart [0x00007FFA3C8E26B1+33]

2023-10-30 12:50:04,909 - __main__ - INFO - ---START---
2023-10-30 12:50:04,910 - __main__ - INFO - START loading config file
2023-10-30 12:50:04,910 - __main__ - INFO - END loading config file
2023-10-30 12:50:04,911 - __main__ - INFO - Create db connection
2023-10-30 12:50:04,911 - __main__ - INFO - Connected to db succesfully
2023-10-30 12:50:04,912 - __main__ - INFO - Starting webdriver
2023-10-30 12:50:27,772 - azet functions - INFO - START create_new_acc
2023-10-30 12:50:27,773 - azet functions - INFO - Creating mail account for profile: id:340 first_name:Celestia last_name:Lyra date_of_birth:1980-12-05 gender:F nickname:celestia.lyra.339
2023-10-30 12:50:34,541 - azet functions - INFO - Looking for cookies
2023-10-30 12:50:39,736 - azet functions - INFO - Opening mail button
2023-10-30 12:50:40,816 - __main__ - ERROR - Error while creating azet acc: Message: element click intercepted: Element <span type="fs5-semibold" class="sc-gsnTZi jabWSH">...</span> is not clickable at point (1406, 70). Other element would receive the click: <iframe src="https://privacy.azet.sk/index.html?message_id=717181&amp;consentUUID=null&amp;requestUUID=db1881f9-f211-41a3-97e4-8111b0f835ea&amp;preload_message=true&amp;hasCsp=true&amp;version=v1&amp;consentLanguage=sk" id="sp_message_iframe_717181" title="SP Consent Message"></iframe>
  (Session info: chrome=118.0.5993.118)
Stacktrace:
	GetHandleVerifier [0x00007FF6AC498EF2+54786]
	(No symbol) [0x00007FF6AC405612]
	(No symbol) [0x00007FF6AC2BA64B]
	(No symbol) [0x00007FF6AC301A6B]
	(No symbol) [0x00007FF6AC2FFE39]
	(No symbol) [0x00007FF6AC2FDC08]
	(No symbol) [0x00007FF6AC2FCCC3]
	(No symbol) [0x00007FF6AC2F29CF]
	(No symbol) [0x00007FF6AC31BE6A]
	(No symbol) [0x00007FF6AC2F22E6]
	(No symbol) [0x00007FF6AC31C080]
	(No symbol) [0x00007FF6AC334D02]
	(No symbol) [0x00007FF6AC31BC43]
	(No symbol) [0x00007FF6AC2F0941]
	(No symbol) [0x00007FF6AC2F1B84]
	GetHandleVerifier [0x00007FF6AC7E7F52+3524194]
	GetHandleVerifier [0x00007FF6AC83D800+3874576]
	GetHandleVerifier [0x00007FF6AC835D7F+3843215]
	GetHandleVerifier [0x00007FF6AC535086+694166]
	(No symbol) [0x00007FF6AC410A88]
	(No symbol) [0x00007FF6AC40CA94]
	(No symbol) [0x00007FF6AC40CBC2]
	(No symbol) [0x00007FF6AC3FCC83]
	BaseThreadInitThunk [0x00007FFA3B987344+20]
	RtlUserThreadStart [0x00007FFA3C8E26B1+33]

2023-10-30 12:57:36,924 - __main__ - INFO - ---START---
2023-10-30 12:57:36,925 - __main__ - INFO - START loading config file
2023-10-30 12:57:36,925 - __main__ - INFO - END loading config file
2023-10-30 12:57:36,925 - __main__ - INFO - Create db connection
2023-10-30 12:57:36,926 - __main__ - INFO - Connected to db succesfully
2023-10-30 12:57:36,927 - __main__ - INFO - Starting webdriver
2023-10-30 12:57:59,722 - azet functions - INFO - START create_new_acc
2023-10-30 12:57:59,723 - azet functions - INFO - Creating mail account for profile: id:600 first_name:Vortex last_name:Lyra date_of_birth:1981-08-22 gender:M nickname:vortex.lyra.599
2023-10-30 12:58:06,386 - azet functions - INFO - Looking for cookies
2023-10-30 12:58:06,419 - azet functions - INFO - Switch to iframe
2023-10-30 12:58:09,448 - azet functions - INFO - Accept cookie
2023-10-30 12:58:09,562 - azet functions - INFO - Switch back to default content
2023-10-30 12:58:09,575 - azet functions - INFO - Opening mail button
2023-10-30 12:58:14,655 - azet functions - INFO - Opening register button
2023-10-30 12:58:21,622 - azet functions - INFO - Send nickname
2023-10-30 12:58:21,645 - __main__ - ERROR - Error while creating azet acc: Message: invalid selector: An invalid or illegal selector was specified
  (Session info: chrome=118.0.5993.118); For documentation on this error, please visit: https://www.selenium.dev/documentation/webdriver/troubleshooting/errors#invalid-selector-exception
Stacktrace:
	GetHandleVerifier [0x00007FF6AC498EF2+54786]
	(No symbol) [0x00007FF6AC405612]
	(No symbol) [0x00007FF6AC2BA64B]
	(No symbol) [0x00007FF6AC2BF116]
	(No symbol) [0x00007FF6AC2C115F]
	(No symbol) [0x00007FF6AC2C1250]
	(No symbol) [0x00007FF6AC2FB424]
	(No symbol) [0x00007FF6AC2FB91C]
	(No symbol) [0x00007FF6AC336D87]
	(No symbol) [0x00007FF6AC31BEAF]
	(No symbol) [0x00007FF6AC334D02]
	(No symbol) [0x00007FF6AC31BC43]
	(No symbol) [0x00007FF6AC2F0941]
	(No symbol) [0x00007FF6AC2F1B84]
	GetHandleVerifier [0x00007FF6AC7E7F52+3524194]
	GetHandleVerifier [0x00007FF6AC83D800+3874576]
	GetHandleVerifier [0x00007FF6AC835D7F+3843215]
	GetHandleVerifier [0x00007FF6AC535086+694166]
	(No symbol) [0x00007FF6AC410A88]
	(No symbol) [0x00007FF6AC40CA94]
	(No symbol) [0x00007FF6AC40CBC2]
	(No symbol) [0x00007FF6AC3FCC83]
	BaseThreadInitThunk [0x00007FFA3B987344+20]
	RtlUserThreadStart [0x00007FFA3C8E26B1+33]

2023-10-30 12:59:10,456 - __main__ - INFO - ---START---
2023-10-30 12:59:10,456 - __main__ - INFO - START loading config file
2023-10-30 12:59:10,457 - __main__ - INFO - END loading config file
2023-10-30 12:59:10,457 - __main__ - INFO - Create db connection
2023-10-30 12:59:10,458 - __main__ - INFO - Connected to db succesfully
2023-10-30 12:59:10,458 - __main__ - INFO - Starting webdriver
2023-10-30 12:59:33,259 - azet functions - INFO - START create_new_acc
2023-10-30 12:59:33,261 - azet functions - INFO - Creating mail account for profile: id:496 first_name:Quill last_name:Lysandra date_of_birth:1981-05-10 gender:F nickname:quill.lysandra.495
2023-10-30 12:59:40,225 - azet functions - INFO - Looking for cookies
2023-10-30 12:59:40,258 - azet functions - INFO - Switch to iframe
2023-10-30 12:59:43,284 - azet functions - INFO - Accept cookie
2023-10-30 12:59:43,405 - azet functions - INFO - Switch back to default content
2023-10-30 12:59:43,408 - azet functions - INFO - Opening mail button
2023-10-30 12:59:48,505 - azet functions - INFO - Opening register button
2023-10-30 12:59:53,971 - azet functions - INFO - Send nickname
2023-10-30 13:00:04,175 - azet functions - INFO - Fill gender, birthdate, city
2023-10-30 13:00:18,696 - __main__ - ERROR - Error while creating azet acc: Message: element not interactable
  (Session info: chrome=118.0.5993.118)
Stacktrace:
	GetHandleVerifier [0x00007FF6AC498EF2+54786]
	(No symbol) [0x00007FF6AC405612]
	(No symbol) [0x00007FF6AC2BA4FD]
	(No symbol) [0x00007FF6AC2FCB85]
	(No symbol) [0x00007FF6AC2F29CF]
	(No symbol) [0x00007FF6AC31BE6A]
	(No symbol) [0x00007FF6AC2F22E6]
	(No symbol) [0x00007FF6AC31C080]
	(No symbol) [0x00007FF6AC334D02]
	(No symbol) [0x00007FF6AC31BC43]
	(No symbol) [0x00007FF6AC2F0941]
	(No symbol) [0x00007FF6AC2F1B84]
	GetHandleVerifier [0x00007FF6AC7E7F52+3524194]
	GetHandleVerifier [0x00007FF6AC83D800+3874576]
	GetHandleVerifier [0x00007FF6AC835D7F+3843215]
	GetHandleVerifier [0x00007FF6AC535086+694166]
	(No symbol) [0x00007FF6AC410A88]
	(No symbol) [0x00007FF6AC40CA94]
	(No symbol) [0x00007FF6AC40CBC2]
	(No symbol) [0x00007FF6AC3FCC83]
	BaseThreadInitThunk [0x00007FFA3B987344+20]
	RtlUserThreadStart [0x00007FFA3C8E26B1+33]

2023-10-30 13:01:24,216 - __main__ - INFO - ---START---
2023-10-30 13:01:24,217 - __main__ - INFO - START loading config file
2023-10-30 13:01:24,217 - __main__ - INFO - END loading config file
2023-10-30 13:01:24,218 - __main__ - INFO - Create db connection
2023-10-30 13:01:24,218 - __main__ - INFO - Connected to db succesfully
2023-10-30 13:01:24,219 - __main__ - INFO - Starting webdriver
2023-10-30 13:01:46,987 - azet functions - INFO - START create_new_acc
2023-10-30 13:01:46,988 - azet functions - INFO - Creating mail account for profile: id:595 first_name:Quill last_name:Oberyn date_of_birth:1981-08-17 gender:M nickname:quill.oberyn.594
2023-10-30 13:01:53,964 - azet functions - INFO - Looking for cookies
2023-10-30 13:01:53,994 - azet functions - INFO - Switch to iframe
2023-10-30 13:01:57,018 - azet functions - INFO - Accept cookie
2023-10-30 13:01:57,126 - azet functions - INFO - Switch back to default content
2023-10-30 13:01:57,138 - azet functions - INFO - Opening mail button
2023-10-30 13:02:02,225 - azet functions - INFO - Opening register button
2023-10-30 13:02:08,981 - azet functions - INFO - Send nickname
2023-10-30 13:02:19,182 - azet functions - INFO - Fill gender, birthdate, city
2023-10-30 13:02:38,735 - password_generator - INFO - START generate_password
2023-10-30 13:02:38,735 - password_generator - INFO - END generate_password
2023-10-30 13:02:38,736 - azet functions - INFO - password: 2mE,lHE+j)K4
2023-10-30 13:02:48,824 - __main__ - ERROR - Error while creating azet acc: Message: 

2023-10-30 13:03:18,170 - __main__ - INFO - ---START---
2023-10-30 13:03:18,170 - __main__ - INFO - START loading config file
2023-10-30 13:03:18,172 - __main__ - INFO - END loading config file
2023-10-30 13:03:18,172 - __main__ - INFO - Create db connection
2023-10-30 13:03:18,172 - __main__ - INFO - Connected to db succesfully
2023-10-30 13:03:18,173 - __main__ - INFO - Starting webdriver
2023-10-30 13:03:41,023 - azet functions - INFO - START create_new_acc
2023-10-30 13:03:41,024 - azet functions - INFO - Creating mail account for profile: id:100 first_name:Wraith last_name:Branwen date_of_birth:1980-04-09 gender:M nickname:wraith.branwen.99
2023-10-30 13:04:03,082 - azet functions - INFO - Looking for cookies
2023-10-30 13:04:03,109 - azet functions - INFO - Switch to iframe
2023-10-30 13:04:06,143 - azet functions - INFO - Accept cookie
2023-10-30 13:04:06,258 - azet functions - INFO - Switch back to default content
2023-10-30 13:04:06,269 - azet functions - INFO - Opening mail button
2023-10-30 13:04:11,352 - azet functions - INFO - Opening register button
2023-10-30 13:04:16,893 - azet functions - INFO - Send nickname
2023-10-30 13:04:27,096 - azet functions - INFO - Fill gender, birthdate, city
2023-10-30 13:04:46,667 - password_generator - INFO - START generate_password
2023-10-30 13:04:46,668 - password_generator - INFO - END generate_password
2023-10-30 13:04:46,668 - azet functions - INFO - password: hRr(tC?&PDGS
2023-10-30 13:04:56,750 - __main__ - ERROR - Error while creating azet acc: Message: 

2023-10-30 13:07:48,017 - __main__ - INFO - ---START---
2023-10-30 13:07:48,018 - __main__ - INFO - START loading config file
2023-10-30 13:07:48,019 - __main__ - INFO - END loading config file
2023-10-30 13:07:48,019 - __main__ - INFO - Create db connection
2023-10-30 13:07:48,020 - __main__ - INFO - Connected to db succesfully
2023-10-30 13:07:48,020 - __main__ - INFO - Starting webdriver
2023-10-30 13:08:11,277 - azet functions - INFO - START create_new_acc
2023-10-30 13:08:11,279 - azet functions - INFO - Creating mail account for profile: id:661 first_name:Duskrunner last_name:Astrid date_of_birth:1981-10-22 gender:M nickname:duskrunner.astrid.660
2023-10-30 13:08:18,141 - azet functions - INFO - Looking for cookies
2023-10-30 13:08:18,173 - azet functions - INFO - Switch to iframe
2023-10-30 13:08:21,198 - azet functions - INFO - Accept cookie
2023-10-30 13:08:21,319 - azet functions - INFO - Switch back to default content
2023-10-30 13:08:21,322 - azet functions - INFO - Opening mail button
2023-10-30 13:08:26,467 - azet functions - INFO - Opening register button
2023-10-30 13:08:31,943 - azet functions - INFO - Send nickname
2023-10-30 13:08:42,137 - azet functions - INFO - Fill gender, birthdate, city
2023-10-30 13:09:05,347 - password_generator - INFO - START generate_password
2023-10-30 13:09:05,347 - password_generator - INFO - END generate_password
2023-10-30 13:09:05,347 - azet functions - INFO - password: YI\!)5PmnLjv
2023-10-30 13:10:13,660 - azet functions - INFO - END create_new_acc
2023-10-30 13:10:13,660 - __main__ - INFO - ---END---
2023-10-30 17:00:31,453 - password_generator - INFO - START generate_password
2023-10-30 17:00:31,454 - password_generator - INFO - END generate_password
2023-10-30 17:00:31,463 - __main__ - INFO - ---START---
2023-10-30 17:00:31,463 - __main__ - INFO - START loading config file
2023-10-30 17:00:31,464 - __main__ - INFO - END loading config file
2023-10-30 17:00:31,465 - __main__ - INFO - Create db connection
2023-10-30 17:00:31,466 - __main__ - INFO - Connected to db succesfully
2023-10-30 17:00:31,466 - __main__ - INFO - Starting webdriver
2023-10-30 17:00:54,423 - azet functions - INFO - START create_new_acc
2023-10-30 17:00:54,426 - azet functions - INFO - Creating mail account for profile: id:127 first_name:Stratos last_name:Valkyrie date_of_birth:1980-05-06 gender:F nickname:stratos.valkyrie.126
2023-10-30 17:01:24,135 - azet functions - INFO - Looking for cookies
2023-10-30 17:01:24,217 - azet functions - INFO - Switch to iframe
2023-10-30 17:01:27,248 - azet functions - INFO - Accept cookie
2023-10-30 17:01:27,605 - azet functions - INFO - Switch back to default content
2023-10-30 17:01:27,616 - azet functions - INFO - Opening mail button
2023-10-30 17:01:33,048 - azet functions - INFO - Opening register button
2023-10-30 17:01:38,805 - azet functions - INFO - Send nickname
2023-10-30 17:01:49,544 - azet functions - INFO - Fill gender, birthdate, city
2023-10-30 17:02:14,113 - password_generator - INFO - START generate_password
2023-10-30 17:02:14,113 - password_generator - INFO - END generate_password
2023-10-30 17:02:14,114 - azet functions - INFO - password: v[wU'^e/i0?y
2023-10-30 17:02:28,399 - azet functions - INFO - Continue to email
2023-10-30 17:02:28,420 - __main__ - ERROR - Error while creating azet acc: Message: invalid selector: An invalid or illegal selector was specified
  (Session info: chrome=118.0.5993.118); For documentation on this error, please visit: https://www.selenium.dev/documentation/webdriver/troubleshooting/errors#invalid-selector-exception
Stacktrace:
	GetHandleVerifier [0x00007FF62A038EF2+54786]
	(No symbol) [0x00007FF629FA5612]
	(No symbol) [0x00007FF629E5A64B]
	(No symbol) [0x00007FF629E5F116]
	(No symbol) [0x00007FF629E6115F]
	(No symbol) [0x00007FF629E61250]
	(No symbol) [0x00007FF629E9B424]
	(No symbol) [0x00007FF629E9B91C]
	(No symbol) [0x00007FF629ED6D87]
	(No symbol) [0x00007FF629EBBEAF]
	(No symbol) [0x00007FF629ED4D02]
	(No symbol) [0x00007FF629EBBC43]
	(No symbol) [0x00007FF629E90941]
	(No symbol) [0x00007FF629E91B84]
	GetHandleVerifier [0x00007FF62A387F52+3524194]
	GetHandleVerifier [0x00007FF62A3DD800+3874576]
	GetHandleVerifier [0x00007FF62A3D5D7F+3843215]
	GetHandleVerifier [0x00007FF62A0D5086+694166]
	(No symbol) [0x00007FF629FB0A88]
	(No symbol) [0x00007FF629FACA94]
	(No symbol) [0x00007FF629FACBC2]
	(No symbol) [0x00007FF629F9CC83]
	BaseThreadInitThunk [0x00007FFA3B987344+20]
	RtlUserThreadStart [0x00007FFA3C8E26B1+33]

2023-10-30 17:12:38,697 - password_generator - INFO - START generate_password
2023-10-30 17:12:38,698 - password_generator - INFO - END generate_password
2023-10-30 17:12:38,700 - __main__ - INFO - ---START---
2023-10-30 17:12:38,700 - __main__ - INFO - START loading config file
2023-10-30 17:12:38,700 - __main__ - INFO - END loading config file
2023-10-30 17:12:38,700 - __main__ - INFO - Create db connection
2023-10-30 17:12:38,701 - __main__ - INFO - Connected to db succesfully
2023-10-30 17:12:38,701 - __main__ - INFO - Starting webdriver
2023-10-30 17:13:01,354 - gmail functions - INFO - Creating mail account for profile: 597 Eirwen Arya 1981-08-19 F eirwen.arya.596
2023-10-30 17:13:11,757 - gmail functions - INFO - Filling name
2023-10-30 17:13:14,927 - gmail functions - ERROR - Creation of new gmail acc failed: Message: no such element: Unable to locate element: {"method":"xpath","selector":"//span[text()="alej"]"}
  (Session info: chrome=118.0.5993.118); For documentation on this error, please visit: https://www.selenium.dev/documentation/webdriver/troubleshooting/errors#no-such-element-exception
Stacktrace:
	GetHandleVerifier [0x00007FF62A038EF2+54786]
	(No symbol) [0x00007FF629FA5612]
	(No symbol) [0x00007FF629E5A64B]
	(No symbol) [0x00007FF629E9B79C]
	(No symbol) [0x00007FF629E9B91C]
	(No symbol) [0x00007FF629ED6D87]
	(No symbol) [0x00007FF629EBBEAF]
	(No symbol) [0x00007FF629ED4D02]
	(No symbol) [0x00007FF629EBBC43]
	(No symbol) [0x00007FF629E90941]
	(No symbol) [0x00007FF629E91B84]
	GetHandleVerifier [0x00007FF62A387F52+3524194]
	GetHandleVerifier [0x00007FF62A3DD800+3874576]
	GetHandleVerifier [0x00007FF62A3D5D7F+3843215]
	GetHandleVerifier [0x00007FF62A0D5086+694166]
	(No symbol) [0x00007FF629FB0A88]
	(No symbol) [0x00007FF629FACA94]
	(No symbol) [0x00007FF629FACBC2]
	(No symbol) [0x00007FF629F9CC83]
	BaseThreadInitThunk [0x00007FFA3B987344+20]
	RtlUserThreadStart [0x00007FFA3C8E26B1+33]

2023-10-30 17:13:14,927 - __main__ - INFO - ---END---
2023-10-30 17:14:39,281 - password_generator - INFO - START generate_password
2023-10-30 17:14:39,283 - password_generator - INFO - END generate_password
2023-10-30 17:14:39,284 - __main__ - INFO - ---START---
2023-10-30 17:14:39,284 - __main__ - INFO - START loading config file
2023-10-30 17:14:39,284 - __main__ - INFO - END loading config file
2023-10-30 17:14:39,286 - __main__ - INFO - Create db connection
2023-10-30 17:14:39,286 - __main__ - INFO - Connected to db succesfully
2023-10-30 17:14:39,286 - __main__ - INFO - Starting webdriver
2023-10-30 17:14:40,539 - gmail functions - INFO - Creating mail account for profile: 602 Duskrunner Thranduil 1981-08-24 M duskrunner.thranduil.601
2023-10-30 17:14:52,503 - gmail functions - INFO - Filling name
2023-10-30 17:14:55,691 - gmail functions - ERROR - Creation of new gmail acc failed: Message: no such element: Unable to locate element: {"method":"xpath","selector":"//span[text()="Next"]"}
  (Session info: chrome=118.0.5993.118); For documentation on this error, please visit: https://www.selenium.dev/documentation/webdriver/troubleshooting/errors#no-such-element-exception
Stacktrace:
	GetHandleVerifier [0x00007FF62A038EF2+54786]
	(No symbol) [0x00007FF629FA5612]
	(No symbol) [0x00007FF629E5A64B]
	(No symbol) [0x00007FF629E9B79C]
	(No symbol) [0x00007FF629E9B91C]
	(No symbol) [0x00007FF629ED6D87]
	(No symbol) [0x00007FF629EBBEAF]
	(No symbol) [0x00007FF629ED4D02]
	(No symbol) [0x00007FF629EBBC43]
	(No symbol) [0x00007FF629E90941]
	(No symbol) [0x00007FF629E91B84]
	GetHandleVerifier [0x00007FF62A387F52+3524194]
	GetHandleVerifier [0x00007FF62A3DD800+3874576]
	GetHandleVerifier [0x00007FF62A3D5D7F+3843215]
	GetHandleVerifier [0x00007FF62A0D5086+694166]
	(No symbol) [0x00007FF629FB0A88]
	(No symbol) [0x00007FF629FACA94]
	(No symbol) [0x00007FF629FACBC2]
	(No symbol) [0x00007FF629F9CC83]
	BaseThreadInitThunk [0x00007FFA3B987344+20]
	RtlUserThreadStart [0x00007FFA3C8E26B1+33]

2023-10-30 17:14:55,691 - __main__ - INFO - ---END---
2023-10-30 17:15:12,408 - password_generator - INFO - START generate_password
2023-10-30 17:15:12,408 - password_generator - INFO - END generate_password
2023-10-30 17:15:12,410 - __main__ - INFO - ---START---
2023-10-30 17:15:12,410 - __main__ - INFO - START loading config file
2023-10-30 17:15:12,410 - __main__ - INFO - END loading config file
2023-10-30 17:15:12,411 - __main__ - INFO - Create db connection
2023-10-30 17:15:12,411 - __main__ - INFO - Connected to db succesfully
2023-10-30 17:15:12,411 - __main__ - INFO - Starting webdriver
2023-10-30 17:15:13,706 - gmail functions - INFO - Creating mail account for profile: 727 Gryffon Yennefer 1981-12-27 M gryffon.yennefer.726
2023-10-30 17:15:24,613 - gmail functions - INFO - Filling name
2023-10-30 17:15:26,191 - gmail functions - ERROR - Creation of new gmail acc failed: Message: no such window: target window already closed
from unknown error: web view not found
  (Session info: chrome=118.0.5993.118)
Stacktrace:
	GetHandleVerifier [0x00007FF62A038EF2+54786]
	(No symbol) [0x00007FF629FA5612]
	(No symbol) [0x00007FF629E5A64B]
	(No symbol) [0x00007FF629E3A9F5]
	(No symbol) [0x00007FF629EC0887]
	(No symbol) [0x00007FF629ED43CF]
	(No symbol) [0x00007FF629EBBC43]
	(No symbol) [0x00007FF629E90941]
	(No symbol) [0x00007FF629E91B84]
	GetHandleVerifier [0x00007FF62A387F52+3524194]
	GetHandleVerifier [0x00007FF62A3DD800+3874576]
	GetHandleVerifier [0x00007FF62A3D5D7F+3843215]
	GetHandleVerifier [0x00007FF62A0D5086+694166]
	(No symbol) [0x00007FF629FB0A88]
	(No symbol) [0x00007FF629FACA94]
	(No symbol) [0x00007FF629FACBC2]
	(No symbol) [0x00007FF629F9CC83]
	BaseThreadInitThunk [0x00007FFA3B987344+20]
	RtlUserThreadStart [0x00007FFA3C8E26B1+33]

2023-10-30 17:15:26,191 - __main__ - INFO - ---END---
2023-10-30 17:15:33,545 - password_generator - INFO - START generate_password
2023-10-30 17:15:33,545 - password_generator - INFO - END generate_password
2023-10-30 17:15:33,547 - __main__ - INFO - ---START---
2023-10-30 17:15:33,548 - __main__ - INFO - START loading config file
2023-10-30 17:15:33,548 - __main__ - INFO - END loading config file
2023-10-30 17:15:33,548 - __main__ - INFO - Create db connection
2023-10-30 17:15:33,548 - __main__ - INFO - Connected to db succesfully
2023-10-30 17:15:33,548 - __main__ - INFO - Starting webdriver
2023-10-30 17:15:56,403 - gmail functions - INFO - Creating mail account for profile: 649 Altair Arya 1981-10-10 F altair.arya.648
2023-10-30 17:16:06,252 - gmail functions - INFO - Filling name
2023-10-30 17:16:10,980 - gmail functions - INFO - Filling birthdate
2023-10-30 17:16:19,062 - gmail functions - INFO - Filling email
2023-10-30 17:16:22,214 - gmail functions - INFO - Filling password
2023-10-30 17:16:22,214 - password_generator - INFO - START generate_password
2023-10-30 17:16:22,215 - password_generator - INFO - END generate_password
2023-10-30 17:16:25,431 - gmail functions - ERROR - Creation of new gmail acc failed: Message: no such element: Unable to locate element: {"method":"xpath","selector":"//span[text()="Finish"]"}
  (Session info: chrome=118.0.5993.118); For documentation on this error, please visit: https://www.selenium.dev/documentation/webdriver/troubleshooting/errors#no-such-element-exception
Stacktrace:
	GetHandleVerifier [0x00007FF62A038EF2+54786]
	(No symbol) [0x00007FF629FA5612]
	(No symbol) [0x00007FF629E5A64B]
	(No symbol) [0x00007FF629E9B79C]
	(No symbol) [0x00007FF629E9B91C]
	(No symbol) [0x00007FF629ED6D87]
	(No symbol) [0x00007FF629EBBEAF]
	(No symbol) [0x00007FF629ED4D02]
	(No symbol) [0x00007FF629EBBC43]
	(No symbol) [0x00007FF629E90941]
	(No symbol) [0x00007FF629E91B84]
	GetHandleVerifier [0x00007FF62A387F52+3524194]
	GetHandleVerifier [0x00007FF62A3DD800+3874576]
	GetHandleVerifier [0x00007FF62A3D5D7F+3843215]
	GetHandleVerifier [0x00007FF62A0D5086+694166]
	(No symbol) [0x00007FF629FB0A88]
	(No symbol) [0x00007FF629FACA94]
	(No symbol) [0x00007FF629FACBC2]
	(No symbol) [0x00007FF629F9CC83]
	BaseThreadInitThunk [0x00007FFA3B987344+20]
	RtlUserThreadStart [0x00007FFA3C8E26B1+33]

2023-10-30 17:16:25,432 - __main__ - INFO - ---END---
2023-10-30 17:17:07,708 - password_generator - INFO - START generate_password
2023-10-30 17:17:07,709 - password_generator - INFO - END generate_password
2023-10-30 17:17:07,713 - __main__ - INFO - ---START---
2023-10-30 17:17:07,713 - __main__ - INFO - START loading config file
2023-10-30 17:17:07,714 - __main__ - INFO - END loading config file
2023-10-30 17:17:07,715 - __main__ - INFO - Create db connection
2023-10-30 17:17:07,716 - __main__ - INFO - Connected to db succesfully
2023-10-30 17:17:07,716 - __main__ - INFO - Starting webdriver
2023-10-30 17:17:31,057 - gmail functions - INFO - Creating mail account for profile: 37 Thaladred Morgana 1980-02-06 M thaladred.morgana.36
2023-10-30 17:17:42,218 - gmail functions - INFO - Filling name
2023-10-30 17:17:47,097 - gmail functions - INFO - Filling birthdate
2023-10-30 17:17:55,352 - gmail functions - INFO - Filling email
2023-10-30 17:17:58,568 - gmail functions - INFO - Filling password
2023-10-30 17:17:58,568 - password_generator - INFO - START generate_password
2023-10-30 17:17:58,569 - password_generator - INFO - END generate_password
2023-10-30 17:18:13,467 - __main__ - INFO - ---END---
2023-11-17 15:15:12,086 - __main__ - INFO - ---START---
2023-11-17 15:15:12,089 - __main__ - INFO - START loading config file
2023-11-17 15:15:12,090 - __main__ - INFO - END loading config file
2023-11-17 15:15:12,091 - __main__ - INFO - Create db connection
2023-11-17 15:15:12,096 - __main__ - INFO - Connected to db succesfully
2023-11-17 15:15:12,098 - __main__ - INFO - Starting webdriver
2023-11-17 15:15:13,990 - __main__ - ERROR - Message: unknown error: result.webdriverValue.value list is missing or empty in Runtime.callFunctionOn response
  (Session info: chrome=119.0.6045.124)
Stacktrace:
	GetHandleVerifier [0x00007FF7ACA08EF2+54786]
	(No symbol) [0x00007FF7AC975612]
	(No symbol) [0x00007FF7AC82A64B]
	(No symbol) [0x00007FF7AC82EEC1]
	(No symbol) [0x00007FF7AC8314AA]
	(No symbol) [0x00007FF7AC8A5394]
	(No symbol) [0x00007FF7AC88BE6A]
	(No symbol) [0x00007FF7AC8A4D02]
	(No symbol) [0x00007FF7AC88BC43]
	(No symbol) [0x00007FF7AC860941]
	(No symbol) [0x00007FF7AC861B84]
	GetHandleVerifier [0x00007FF7ACD57F52+3524194]
	GetHandleVerifier [0x00007FF7ACDAD800+3874576]
	GetHandleVerifier [0x00007FF7ACDA5D7F+3843215]
	GetHandleVerifier [0x00007FF7ACAA5086+694166]
	(No symbol) [0x00007FF7AC980A88]
	(No symbol) [0x00007FF7AC97CA94]
	(No symbol) [0x00007FF7AC97CBC2]
	(No symbol) [0x00007FF7AC96CC83]
	BaseThreadInitThunk [0x00007FF9F5F07344+20]
	RtlUserThreadStart [0x00007FF9F7EE26B1+33]

2023-11-17 15:17:00,174 - __main__ - INFO - ---START---
2023-11-17 15:17:00,175 - __main__ - INFO - START loading config file
2023-11-17 15:17:00,175 - __main__ - INFO - END loading config file
2023-11-17 15:17:00,177 - __main__ - INFO - Create db connection
2023-11-17 15:17:00,177 - __main__ - INFO - Connected to db succesfully
2023-11-17 15:17:00,177 - __main__ - INFO - Starting webdriver
2023-11-17 15:17:01,478 - __main__ - ERROR - Message: unknown error: result.webdriverValue.value list is missing or empty in Runtime.callFunctionOn response
  (Session info: chrome=119.0.6045.124)
Stacktrace:
	GetHandleVerifier [0x00007FF7ACA08EF2+54786]
	(No symbol) [0x00007FF7AC975612]
	(No symbol) [0x00007FF7AC82A64B]
	(No symbol) [0x00007FF7AC82EEC1]
	(No symbol) [0x00007FF7AC8314AA]
	(No symbol) [0x00007FF7AC8A5394]
	(No symbol) [0x00007FF7AC88BE6A]
	(No symbol) [0x00007FF7AC8A4D02]
	(No symbol) [0x00007FF7AC88BC43]
	(No symbol) [0x00007FF7AC860941]
	(No symbol) [0x00007FF7AC861B84]
	GetHandleVerifier [0x00007FF7ACD57F52+3524194]
	GetHandleVerifier [0x00007FF7ACDAD800+3874576]
	GetHandleVerifier [0x00007FF7ACDA5D7F+3843215]
	GetHandleVerifier [0x00007FF7ACAA5086+694166]
	(No symbol) [0x00007FF7AC980A88]
	(No symbol) [0x00007FF7AC97CA94]
	(No symbol) [0x00007FF7AC97CBC2]
	(No symbol) [0x00007FF7AC96CC83]
	BaseThreadInitThunk [0x00007FF9F5F07344+20]
	RtlUserThreadStart [0x00007FF9F7EE26B1+33]

2023-11-17 15:29:47,684 - __main__ - INFO - ---START---
2023-11-17 15:29:47,685 - __main__ - INFO - START loading config file
2023-11-17 15:29:47,686 - __main__ - INFO - END loading config file
2023-11-17 15:29:47,686 - __main__ - INFO - Create db connection
2023-11-17 15:29:47,687 - __main__ - INFO - Connected to db succesfully
2023-11-17 15:29:47,688 - __main__ - INFO - Starting webdriver
2023-11-17 15:29:54,157 - __main__ - INFO - ---END---
2023-11-17 15:31:48,714 - __main__ - INFO - ---START---
2023-11-17 15:31:48,715 - __main__ - INFO - START loading config file
2023-11-17 15:31:48,715 - __main__ - INFO - END loading config file
2023-11-17 15:31:48,716 - __main__ - INFO - Create db connection
2023-11-17 15:31:48,717 - __main__ - INFO - Connected to db succesfully
2023-11-17 15:31:48,717 - __main__ - INFO - Starting webdriver
2023-11-17 15:31:55,137 - __main__ - INFO - ---END---
2023-12-01 21:14:56,083 - __main__ - INFO - ---START---
2023-12-01 21:14:56,083 - __main__ - INFO - START loading config file
2023-12-01 21:14:56,084 - __main__ - INFO - END loading config file
2023-12-01 21:14:56,084 - __main__ - INFO - Create db connection
2023-12-01 21:14:56,085 - __main__ - INFO - Connected to db succesfully
2023-12-01 21:14:56,088 - __main__ - INFO - Starting webdriver
2023-12-01 21:14:57,690 - __main__ - INFO - START facebook L1 scrapper bot
2023-12-01 21:14:57,691 - __main__ - ERROR - no such table: bots
2023-12-01 21:16:46,330 - __main__ - INFO - ---START---
2023-12-01 21:16:46,331 - __main__ - INFO - START loading config file
2023-12-01 21:16:46,332 - __main__ - INFO - END loading config file
2023-12-01 21:16:46,332 - __main__ - INFO - Starting webdriver
2023-12-01 21:16:48,128 - __main__ - INFO - START facebook L1 scrapper bot
2023-12-01 21:16:48,134 - __main__ - ERROR - table bots has no column named bot_logic
2023-12-01 21:17:10,906 - __main__ - INFO - ---START---
2023-12-01 21:17:10,907 - __main__ - INFO - START loading config file
2023-12-01 21:17:10,907 - __main__ - INFO - END loading config file
2023-12-01 21:17:10,908 - __main__ - INFO - Starting webdriver
2023-12-01 21:17:12,607 - __main__ - INFO - START facebook L1 scrapper bot
2023-12-01 21:17:12,608 - __main__ - INFO - START bot.run()
2023-12-01 21:17:12,609 - facebook_l1_scrapper - INFO - START Impostor L1 bot
2023-12-01 21:17:12,610 - facebook functions - INFO - Facebook login START
2023-12-01 21:17:22,954 - facebook functions - ERROR - Facebook login failed Message: 
Stacktrace:
	GetHandleVerifier [0x00007FF7D95582B2+55298]
	(No symbol) [0x00007FF7D94C5E02]
	(No symbol) [0x00007FF7D93805AB]
	(No symbol) [0x00007FF7D93C175C]
	(No symbol) [0x00007FF7D93C18DC]
	(No symbol) [0x00007FF7D93FCBC7]
	(No symbol) [0x00007FF7D93E20EF]
	(No symbol) [0x00007FF7D93FAAA4]
	(No symbol) [0x00007FF7D93E1E83]
	(No symbol) [0x00007FF7D93B670A]
	(No symbol) [0x00007FF7D93B7964]
	GetHandleVerifier [0x00007FF7D98D0AAB+3694587]
	GetHandleVerifier [0x00007FF7D992728E+4048862]
	GetHandleVerifier [0x00007FF7D991F173+4015811]
	GetHandleVerifier [0x00007FF7D95F47D6+695590]
	(No symbol) [0x00007FF7D94D0CE8]
	(No symbol) [0x00007FF7D94CCF34]
	(No symbol) [0x00007FF7D94CD062]
	(No symbol) [0x00007FF7D94BD3A3]
	BaseThreadInitThunk [0x00007FFA95467344+20]
	RtlUserThreadStart [0x00007FFA95BA26B1+33]

2023-12-01 21:17:22,954 - facebook_l1_scrapper - ERROR - Login failed with email: obsidian.astrid.0@gmail.com
2023-12-01 21:17:22,955 - facebook_l1_scrapper - ERROR - Login failed
2023-12-01 21:17:22,955 - __main__ - ERROR - Impostor L1 bot failed: Login failed
2023-12-01 21:21:12,580 - __main__ - INFO - ---START---
2023-12-01 21:21:12,581 - __main__ - INFO - START loading config file
2023-12-01 21:21:12,589 - __main__ - INFO - END loading config file
2023-12-01 21:21:12,591 - __main__ - INFO - Starting webdriver
2023-12-01 21:21:14,287 - __main__ - INFO - START facebook L1 scrapper bot
2023-12-01 21:21:14,289 - __main__ - INFO - START bot.run()
2023-12-01 21:21:14,289 - facebook_l1_scrapper - INFO - START Impostor L1 bot
2023-12-01 21:21:14,290 - facebook functions - INFO - Facebook login START
2023-12-01 21:21:15,526 - facebook functions - INFO - Facebook filling email
2023-12-01 21:21:15,759 - facebook functions - INFO - Facebook filling password
2023-12-01 21:21:15,922 - facebook functions - INFO - Facebook pressing login
2023-12-01 21:21:25,101 - facebook functions - INFO - END Facebook login
2023-12-01 21:21:30,105 - facebook_l1_scrapper - INFO - Login success with email: obsidian.astrid.0@gmail.com
2023-12-01 21:21:30,105 - __main__ - INFO - END bot.run()
2023-12-01 21:21:45,116 - __main__ - INFO - ---END---
